"C:/Users/taylo_000/Documents/kaleidoscope/MyProject6.uproject" 1
"../../../Engine/Plugins/2D/Paper2D/Paper2D.uplugin" 2
"../../../Engine/Plugins/Developer/BlankPlugin/BlankPlugin.uplugin" 3
"../../../Engine/Plugins/Developer/PerforceSourceControl/PerforceSourceControl.uplugin" 4
"../../../Engine/Plugins/Developer/SubversionSourceControl/SubversionSourceControl.uplugin" 5
"../../../Engine/Plugins/Developer/UObjectPlugin/UObjectPlugin.uplugin" 6
"../../../Engine/Plugins/Developer/VisualStudioSourceCodeAccess/VisualStudioSourceCodeAccess.uplugin" 7
"../../../Engine/Plugins/Developer/XCodeSourceCodeAccess/XCodeSourceCodeAccess.uplugin" 8
"../../../Engine/Plugins/Editor/EpicSurvey/EpicSurvey.uplugin" 9
"../../../Engine/Plugins/Editor/MacGraphicsSwitching/MacGraphicsSwitching.uplugin" 10
"../../../Engine/Plugins/Editor/PluginsEditor/PluginsEditor.uplugin" 11
"../../../Engine/Plugins/Editor/SpeedTreeImporter/SpeedTreeImporter.uplugin" 12
"../../../Engine/Plugins/Experimental/BlueprintStats/BlueprintStats.uplugin" 13
"../../../Engine/Plugins/Experimental/CharacterAI/CharacterAI.uplugin" 14
"../../../Engine/Plugins/Experimental/CodeView/CodeView.uplugin" 15
"../../../Engine/Plugins/Experimental/LiveEditor/LiveEditor.uplugin" 16
"../../../Engine/Plugins/Experimental/Phya/Phya.uplugin" 17
"../../../Engine/Plugins/Experimental/SteamVR/SteamVR.uplugin" 18
"../../../Engine/Plugins/Media/AvfMedia/AvfMedia.uplugin" 19
"../../../Engine/Plugins/Media/MediaPlayerEditor/MediaPlayerEditor.uplugin" 20
"../../../Engine/Plugins/Media/WmfMedia/WmfMedia.uplugin" 21
"../../../Engine/Plugins/Messaging/MessagingDebugger/MessagingDebugger.uplugin" 22
"../../../Engine/Plugins/Messaging/ShmMessaging/ShmMessaging.uplugin" 23
"../../../Engine/Plugins/Messaging/UdpMessaging/UdpMessaging.uplugin" 24
"../../../Engine/Plugins/Runtime/Advertising/IOSTapJoy/IOSTapJoy.uplugin" 25
"../../../Engine/Plugins/Runtime/Analytics/AnalyticsBlueprintLibrary/AnalyticsBlueprintLibrary.uplugin" 26
"../../../Engine/Plugins/Runtime/Analytics/Apsalar/IOSApsalar/IOSApsalar.uplugin" 27
"../../../Engine/Plugins/Runtime/Analytics/FileLogging/FileLogging.uplugin" 28
"../../../Engine/Plugins/Runtime/AndroidDeviceProfileSelector/AndroidDeviceProfileSelector.uplugin" 29
"../../../Engine/Plugins/Runtime/AppleMoviePlayer/AppleMoviePlayer.uplugin" 30
"../../../Engine/Plugins/Runtime/CableComponent/CableComponent.uplugin" 31
"../../../Engine/Plugins/Runtime/CustomMeshComponent/CustomMeshComponent.uplugin" 32
"../../../Engine/Plugins/Runtime/ExampleDeviceProfileSelector/ExampleDeviceProfileSelector.uplugin" 33
"../../../Engine/Plugins/Runtime/IOSDeviceProfileSelector/IOSDeviceProfileSelector.uplugin" 34
"../../../Engine/Plugins/Runtime/LiveEditorListenServer/LiveEditorListenServer.uplugin" 35
"../../../Engine/Plugins/Runtime/OculusRift/OculusRift.uplugin" 36
"../../../Engine/Plugins/Runtime/SoundMod/SoundMod.uplugin" 37
"../../../Engine/Plugins/Runtime/SoundVisualizations/SoundVisualizations.uplugin" 38
"../../../Engine/Plugins/Runtime/TwitchLiveStreaming/TwitchLiveStreaming.uplugin" 39
"../../../Engine/Plugins/Runtime/WindowsDeviceProfileSelector/WindowsDeviceProfileSelector.uplugin" 40
"../../../Engine/Plugins/Runtime/WindowsMoviePlayer/WindowsMoviePlayer.uplugin" 41
"../../../Engine/Plugins/ScriptGeneratorPlugin/ScriptGeneratorPlugin.uplugin" 42
"../../../Engine/Plugins/ScriptPlugin/ScriptPlugin.uplugin" 43
"../../../Engine/Plugins/Slate/SlateRemote/SlateRemote.uplugin" 44
"..\..\..\Engine\Content\Internationalization\icudt53l\cnvalias.icu" 45
"..\..\..\Engine\Content\Internationalization\icudt53l\en_US_POSIX.res" 46
"..\..\..\Engine\Content\Internationalization\icudt53l\pool.res" 47
"..\..\..\Engine\Content\Internationalization\icudt53l\en_US.res" 48
"..\..\..\Engine\Content\Internationalization\icudt53l\en.res" 49
"..\..\..\Engine\Content\Internationalization\icudt53l\root.res" 50
"..\..\..\Engine\Content\Internationalization\icudt53l\coll\ucadata.icu" 51
"..\..\..\Engine\Content\Internationalization\icudt53l\nfc.nrm" 52
"..\..\..\Engine\Content\Internationalization\icudt53l\coll\en_US_POSIX.res" 53
"..\..\..\Engine\Content\Internationalization\icudt53l\coll\en_US.res" 54
"..\..\..\Engine\Content\Internationalization\icudt53l\coll\en.res" 55
"..\..\..\Engine\Content\Internationalization\icudt53l\coll\root.res" 56
"..\..\..\Engine\Content\Internationalization\icudt53l\numberingSystems.res" 57
"..\..\..\Engine\Content\Internationalization\icudt53l\curr\supplementalData.res" 58
"..\..\..\Engine\Content\Internationalization\icudt53l\curr\pool.res" 59
"..\..\..\Engine\Content\Internationalization\icudt53l\curr\en.res" 60
"..\..\..\Engine\Content\Internationalization\icudt53l\curr\root.res" 61
"..\..\..\Engine\Content\Internationalization\icudt53l\plurals.res" 62
"..\..\..\Engine\Content\Internationalization\icudt53l\windowsZones.res" 63
"..\..\..\Engine\Content\Internationalization\icudt53l\zoneinfo64.res" 64
"..\..\..\Engine\Content\Internationalization\icudt53l\keyTypeData.res" 65
"..\..\..\Engine\Content\Internationalization\icudt53l\timezoneTypes.res" 66
"..\..\..\Engine\Content\Internationalization\icudt53l\supplementalData.res" 67
"..\..\..\Engine\Content\Internationalization\icudt53l\likelySubtags.res" 68
"../../../Engine/Config/Base.ini" 69
"../../../Engine/Config/BaseEngine.ini" 70
"../../../../../../Users/taylo_000/Documents/kaleidoscope/Config/DefaultEngine.ini" 71
"../../../Engine/Config/Windows/WindowsEngine.ini" 72
"C:/Users/taylo_000/Documents/kaleidoscope/Saved/Config/Windows/Engine.ini" 73
"../../../../../../Users/taylo_000/Documents/kaleidoscope/Saved/Config/CleanSourceConfigs/Engine.ini" 74
"../../../Engine/Config/BaseGame.ini" 75
"../../../../../../Users/taylo_000/Documents/kaleidoscope/Config/DefaultGame.ini" 76
"C:/Users/taylo_000/Documents/kaleidoscope/Saved/Config/Windows/Game.ini" 77
"../../../../../../Users/taylo_000/Documents/kaleidoscope/Saved/Config/CleanSourceConfigs/Game.ini" 78
"../../../Engine/Config/BaseInput.ini" 79
"../../../../../../Users/taylo_000/Documents/kaleidoscope/Config/DefaultInput.ini" 80
"C:/Users/taylo_000/Documents/kaleidoscope/Saved/Config/Windows/Input.ini" 81
"../../../../../../Users/taylo_000/Documents/kaleidoscope/Saved/Config/CleanSourceConfigs/Input.ini" 82
"../../../Engine/Config/BaseEditor.ini" 83
"../../../../../../Users/taylo_000/Documents/kaleidoscope/Config/DefaultEditor.ini" 84
"C:/Users/taylo_000/Documents/kaleidoscope/Saved/Config/Windows/Editor.ini" 85
"../../../../../../Users/taylo_000/Documents/kaleidoscope/Saved/Config/CleanSourceConfigs/Editor.ini" 86
"../../../Engine/Config/BaseEditorLayout.ini" 87
"C:/Users/taylo_000/Documents/kaleidoscope/Saved/Config/Windows/EditorLayout.ini" 88
"../../../../../../Users/taylo_000/Documents/kaleidoscope/Saved/Config/CleanSourceConfigs/EditorLayout.ini" 89
"../../../Engine/Config/BaseEditorUserSettings.ini" 90
"C:/Users/taylo_000/Documents/kaleidoscope/Saved/Config/Windows/EditorUserSettings.ini" 91
"../../../../../../Users/taylo_000/Documents/kaleidoscope/Saved/Config/CleanSourceConfigs/EditorUserSettings.ini" 92
"../../../Engine/Config/BaseEditorKeyBindings.ini" 93
"C:/Users/taylo_000/Documents/kaleidoscope/Saved/Config/Windows/EditorKeyBindings.ini" 94
"../../../../../../Users/taylo_000/Documents/kaleidoscope/Saved/Config/CleanSourceConfigs/EditorKeyBindings.ini" 95
"../../../Engine/Config/BaseCompat.ini" 96
"C:/Users/taylo_000/Documents/kaleidoscope/Saved/Config/Windows/Compat.ini" 97
"../../../../../../Users/taylo_000/Documents/kaleidoscope/Saved/Config/CleanSourceConfigs/Compat.ini" 98
"../../../Engine/Config/BaseLightmass.ini" 99
"C:/Users/taylo_000/Documents/kaleidoscope/Saved/Config/Windows/Lightmass.ini" 100
"../../../../../../Users/taylo_000/Documents/kaleidoscope/Saved/Config/CleanSourceConfigs/Lightmass.ini" 101
"../../../Engine/Config/BaseScalability.ini" 102
"C:/Users/taylo_000/Documents/kaleidoscope/Saved/Config/Windows/Scalability.ini" 103
"../../../../../../Users/taylo_000/Documents/kaleidoscope/Saved/Config/CleanSourceConfigs/Scalability.ini" 104
"C:/Users/taylo_000/Documents/kaleidoscope/Saved/Config/Windows/GameUserSettings.ini" 105
"../../../../../../Users/taylo_000/Documents/kaleidoscope/Saved/Config/CleanSourceConfigs/GameUserSettings.ini" 106
"../../../Engine/Config/BaseDeviceProfiles.ini" 107
"C:/Users/taylo_000/Documents/kaleidoscope/Saved/Config/Windows/DeviceProfiles.ini" 108
"../../../../../../Users/taylo_000/Documents/kaleidoscope/Saved/Config/CleanSourceConfigs/DeviceProfiles.ini" 109
"../../../Engine/Config/ConsoleVariables.ini" 110
"..\..\..\Engine\Content\Internationalization\icudt53l\es.res" 111
"..\..\..\Engine\Content\Internationalization\icudt53l\coll\es.res" 112
"..\..\..\Engine\Content\Internationalization\icudt53l\curr\es.res" 113
"..\..\..\Engine\Content\Internationalization\icudt53l\es_ES.res" 114
"..\..\..\Engine\Content\Internationalization\icudt53l\ja.res" 115
"..\..\..\Engine\Content\Internationalization\icudt53l\coll\ja.res" 116
"..\..\..\Engine\Content\Internationalization\icudt53l\curr\ja.res" 117
"..\..\..\Engine\Content\Internationalization\icudt53l\ja_JP.res" 118
"..\..\..\Engine\Content\Internationalization\icudt53l\ko.res" 119
"..\..\..\Engine\Content\Internationalization\icudt53l\coll\ko.res" 120
"..\..\..\Engine\Content\Internationalization\icudt53l\curr\ko.res" 121
"..\..\..\Engine\Content\Internationalization\icudt53l\ko_KR.res" 122
"..\..\..\Engine\Content\Internationalization\icudt53l\pt_BR.res" 123
"..\..\..\Engine\Content\Internationalization\icudt53l\pt.res" 124
"..\..\..\Engine\Content\Internationalization\icudt53l\coll\pt.res" 125
"..\..\..\Engine\Content\Internationalization\icudt53l\curr\pt.res" 126
"..\..\..\Engine\Content\Internationalization\icudt53l\zh_CN.res" 127
"..\..\..\Engine\Content\Internationalization\icudt53l\zh_Hans_CN.res" 128
"..\..\..\Engine\Content\Internationalization\icudt53l\zh_Hans.res" 129
"..\..\..\Engine\Content\Internationalization\icudt53l\zh.res" 130
"..\..\..\Engine\Content\Internationalization\icudt53l\coll\zh_CN.res" 131
"..\..\..\Engine\Content\Internationalization\icudt53l\coll\zh_Hans_CN.res" 132
"..\..\..\Engine\Content\Internationalization\icudt53l\coll\zh_Hans.res" 133
"..\..\..\Engine\Content\Internationalization\icudt53l\coll\zh.res" 134
"..\..\..\Engine\Content\Internationalization\icudt53l\curr\zh_CN.res" 135
"..\..\..\Engine\Content\Internationalization\icudt53l\curr\zh_Hans_CN.res" 136
"..\..\..\Engine\Content\Internationalization\icudt53l\curr\zh_Hans.res" 137
"..\..\..\Engine\Content\Internationalization\icudt53l\curr\zh.res" 138
"C:/Program Files/Epic Games/4.6/Engine/Content/Localization/Editor/en/Editor.locres" 139
"C:/Program Files/Epic Games/4.6/Engine/Content/Localization/EditorTutorials/en/EditorTutorials.locres" 140
"C:/Program Files/Epic Games/4.6/Engine/Content/Localization/Engine/en/Engine.locres" 141
"../../../Engine/Content/Slate/Fonts/Roboto-Regular.ttf" 142
"../../../Engine/Content/Slate/Fonts/Roboto-Bold.ttf" 143
"../../../Engine/Content/Slate/Fonts/Roboto-Light.ttf" 144
"../../../Engine/Content/Slate/Fonts/DroidSansMono.ttf" 145
"C:/Program Files/Epic Games/4.6/Engine/Binaries/Win64/../../../Engine/Shaders/ParticleSpriteVertexFactory.usf" 146
"C:/Program Files/Epic Games/4.6/Engine/Binaries/Win64/../../../Engine/Shaders/VertexFactoryCommon.usf" 147
"C:/Program Files/Epic Games/4.6/Engine/Binaries/Win64/../../../Engine/Shaders/Common.usf" 148
"C:/Program Files/Epic Games/4.6/Engine/Binaries/Win64/../../../Engine/Shaders/ShaderVersion.usf" 149
"C:/Program Files/Epic Games/4.6/Engine/Binaries/Win64/../../../Engine/Shaders/Definitions.usf" 150
"C:/Program Files/Epic Games/4.6/Engine/Binaries/Win64/../../../Engine/Shaders/Random.usf" 151
"C:/Program Files/Epic Games/4.6/Engine/Binaries/Win64/../../../Engine/Shaders/ParticleVertexFactoryCommon.usf" 152
"C:/Program Files/Epic Games/4.6/Engine/Binaries/Win64/../../../Engine/Shaders/ParticleGPUSpriteVertexFactory.usf" 153
"C:/Program Files/Epic Games/4.6/Engine/Binaries/Win64/../../../Engine/Shaders/ParticleBeamTrailVertexFactory.usf" 154
"C:/Program Files/Epic Games/4.6/Engine/Binaries/Win64/../../../Engine/Shaders/VectorFieldVisualizationVertexFactory.usf" 155
"C:/Program Files/Epic Games/4.6/Engine/Binaries/Win64/../../../Engine/Shaders/LocalVertexFactory.usf" 156
"C:/Program Files/Epic Games/4.6/Engine/Binaries/Win64/../../../Engine/Shaders/LocalVertexFactoryCommon.usf" 157
"C:/Program Files/Epic Games/4.6/Engine/Binaries/Win64/../../../Engine/Shaders/MeshParticleVertexFactory.usf" 158
"C:/Program Files/Epic Games/4.6/Engine/Binaries/Win64/../../../Engine/Shaders/GpuSkinVertexFactory.usf" 159
"C:/Program Files/Epic Games/4.6/Engine/Binaries/Win64/../../../Engine/Shaders/GpuSkinCacheCommon.usf" 160
"C:/Program Files/Epic Games/4.6/Engine/Binaries/Win64/../../../Engine/Shaders/LandscapeVertexFactory.usf" 161
"C:/Program Files/Epic Games/4.6/Engine/Binaries/Win64/../../../Engine/Shaders/SlateElementPixelShader.usf" 162
"C:/Program Files/Epic Games/4.6/Engine/Binaries/Win64/../../../Engine/Shaders/MaterialTemplate.usf" 163
"C:/Program Files/Epic Games/4.6/Engine/Binaries/Win64/../../../Engine/Shaders/DepthOfFieldCommon.usf" 164
"C:/Program Files/Epic Games/4.6/Engine/Binaries/Win64/../../../Engine/Shaders/SpeedTreeCommon.usf" 165
"C:/Program Files/Epic Games/4.6/Engine/Binaries/Win64/../../../Engine/Shaders/AtmosphereCommon.usf" 166
"C:/Program Files/Epic Games/4.6/Engine/Binaries/Win64/../../../Engine/Shaders/PostProcessCommon.usf" 167
"C:/Program Files/Epic Games/4.6/Engine/Binaries/Win64/../../../Engine/Shaders/DeferredShadingCommon.usf" 168
"C:/Program Files/Epic Games/4.6/Engine/Binaries/Win64/../../../Engine/Shaders/LightAccumulator.usf" 169
"C:/Program Files/Epic Games/4.6/Engine/Binaries/Win64/../../../Engine/Shaders/SlateVertexShader.usf" 170
"C:/Program Files/Epic Games/4.6/Engine/Binaries/Win64/../../../Engine/Shaders/OneColorShader.usf" 171
"C:/Program Files/Epic Games/4.6/Engine/Binaries/Win64/../../../Engine/Shaders/ResolveVertexShader.usf" 172
"C:/Program Files/Epic Games/4.6/Engine/Binaries/Win64/../../../Engine/Shaders/ResolvePixelShader.usf" 173
"C:/Program Files/Epic Games/4.6/Engine/Binaries/Win64/../../../Engine/Shaders/VisualizeTexture.usf" 174
"C:/Program Files/Epic Games/4.6/Engine/Binaries/Win64/../../../Engine/Shaders/ScreenSpaceReflections.usf" 175
"C:/Program Files/Epic Games/4.6/Engine/Binaries/Win64/../../../Engine/Shaders/BRDF.usf" 176
"C:/Program Files/Epic Games/4.6/Engine/Binaries/Win64/../../../Engine/Shaders/MonteCarlo.usf" 177
"C:/Program Files/Epic Games/4.6/Engine/Binaries/Win64/../../../Engine/Shaders/FilterVertexShader.usf" 178
"C:/Program Files/Epic Games/4.6/Engine/Binaries/Win64/../../../Engine/Shaders/FilterPixelShader.usf" 179
"C:/Program Files/Epic Games/4.6/Engine/Binaries/Win64/../../../Engine/Shaders/PostProcessVisualizeHDR.usf" 180
"C:/Program Files/Epic Games/4.6/Engine/Binaries/Win64/../../../Engine/Shaders/PostProcessHistogramCommon.usf" 181
"C:/Program Files/Epic Games/4.6/Engine/Binaries/Win64/../../../Engine/Shaders/TonemapCommon.usf" 182
"C:/Program Files/Epic Games/4.6/Engine/Binaries/Win64/../../../Engine/Shaders/MiniFontCommon.usf" 183
"C:/Program Files/Epic Games/4.6/Engine/Binaries/Win64/../../../Engine/Shaders/PostProcessVisualizeBuffer.usf" 184
"C:/Program Files/Epic Games/4.6/Engine/Binaries/Win64/../../../Engine/Shaders/PostProcessUpscale.usf" 185
"C:/Program Files/Epic Games/4.6/Engine/Binaries/Win64/../../../Engine/Shaders/PostProcessTonemap.usf" 186
"C:/Program Files/Epic Games/4.6/Engine/Binaries/Win64/../../../Engine/Shaders/PostProcessTestImage.usf" 187
"C:/Program Files/Epic Games/4.6/Engine/Binaries/Win64/../../../Engine/Shaders/PostProcessTemporalAA.usf" 188
"C:/Program Files/Epic Games/4.6/Engine/Binaries/Win64/../../../Engine/Shaders/PostProcessTemporalCommon.usf" 189
"C:/Program Files/Epic Games/4.6/Engine/Binaries/Win64/../../../Engine/Shaders/PostProcessSubsurface.usf" 190
"C:/Program Files/Epic Games/4.6/Engine/Binaries/Win64/../../../Engine/Shaders/SeparableSSS.usf" 191
"C:/Program Files/Epic Games/4.6/Engine/Binaries/Win64/../../../Engine/Shaders/PostProcessSelectionOutline.usf" 192
"C:/Program Files/Epic Games/4.6/Engine/Binaries/Win64/../../../Engine/Shaders/PostProcessSceneColorFringe.usf" 193
"C:/Program Files/Epic Games/4.6/Engine/Binaries/Win64/../../../Engine/Shaders/PostProcessNoiseBlur.usf" 194
"C:/Program Files/Epic Games/4.6/Engine/Binaries/Win64/../../../Engine/Shaders/PostProcessMotionBlur.usf" 195
"C:/Program Files/Epic Games/4.6/Engine/Binaries/Win64/../../../Engine/Shaders/MorpheusInclude.usf" 196
"C:/Program Files/Epic Games/4.6/Engine/Binaries/Win64/../../../Engine/Shaders/PostProcessMobile.usf" 197
"C:/Program Files/Epic Games/4.6/Engine/Binaries/Win64/../../../Engine/Shaders/PostProcessMaterialShaders.usf" 198
"C:/Program Files/Epic Games/4.6/Engine/Binaries/Win64/../../../Engine/Shaders/PostProcessLensFlares.usf" 199
"C:/Program Files/Epic Games/4.6/Engine/Binaries/Win64/../../../Engine/Shaders/PostProcessLensBlur.usf" 200
"C:/Program Files/Epic Games/4.6/Engine/Binaries/Win64/../../../Engine/Shaders/PostProcessBloom.usf" 201
"C:/Program Files/Epic Games/4.6/Engine/Binaries/Win64/../../../Engine/Shaders/PostProcessHMD.usf" 202
"C:/Program Files/Epic Games/4.6/Engine/Binaries/Win64/../../../Engine/Shaders/PostProcessHistogramReduce.usf" 203
"C:/Program Files/Epic Games/4.6/Engine/Binaries/Win64/../../../Engine/Shaders/PostProcessHistogram.usf" 204
"C:/Program Files/Epic Games/4.6/Engine/Binaries/Win64/../../../Engine/Shaders/PostProcessGBufferHints.usf" 205
"C:/Program Files/Epic Games/4.6/Engine/Binaries/Win64/../../../Engine/Shaders/PostProcessEyeAdaptation.usf" 206
"C:/Program Files/Epic Games/4.6/Engine/Binaries/Win64/../../../Engine/Shaders/PostProcessDownsample.usf" 207
"C:/Program Files/Epic Games/4.6/Engine/Binaries/Win64/../../../Engine/Shaders/PostProcessDOF.usf" 208
"C:/Program Files/Epic Games/4.6/Engine/Binaries/Win64/../../../Engine/Shaders/PostProcessCompositeEditorPrimitives.usf" 209
"C:/Program Files/Epic Games/4.6/Engine/Binaries/Win64/../../../Engine/Shaders/PostProcessCombineLUTs.usf" 210
"C:/Program Files/Epic Games/4.6/Engine/Binaries/Win64/../../../Engine/Shaders/PostProcessBusyWait.usf" 211
"C:/Program Files/Epic Games/4.6/Engine/Binaries/Win64/../../../Engine/Shaders/PostProcessBokehDOF.usf" 212
"C:/Program Files/Epic Games/4.6/Engine/Binaries/Win64/../../../Engine/Shaders/FXAAShader.usf" 213
"C:/Program Files/Epic Games/4.6/Engine/Binaries/Win64/../../../Engine/Shaders/Fxaa3_11.usf" 214
"C:/Program Files/Epic Games/4.6/Engine/Binaries/Win64/../../../Engine/Shaders/PostProcessPassThrough.usf" 215
"C:/Program Files/Epic Games/4.6/Engine/Binaries/Win64/../../../Engine/Shaders/PostProcessLpvIndirect.usf" 216
"C:/Program Files/Epic Games/4.6/Engine/Binaries/Win64/../../../Engine/Shaders/DeferredLightingCommon.usf" 217
"C:/Program Files/Epic Games/4.6/Engine/Binaries/Win64/../../../Engine/Shaders/DynamicLightingCommon.usf" 218
"C:/Program Files/Epic Games/4.6/Engine/Binaries/Win64/../../../Engine/Shaders/IESLightProfilesCommon.usf" 219
"C:/Program Files/Epic Games/4.6/Engine/Binaries/Win64/../../../Engine/Shaders/LPVFinalPass.usf" 220
"C:/Program Files/Epic Games/4.6/Engine/Binaries/Win64/../../../Engine/Shaders/LPVCommon.usf" 221
"C:/Program Files/Epic Games/4.6/Engine/Binaries/Win64/../../../Engine/Shaders/DeferredDecal.usf" 222
"C:/Program Files/Epic Games/4.6/Engine/Binaries/Win64/../../../Engine/Shaders/PostProcessAmbientOcclusion.usf" 223
"C:/Program Files/Epic Games/4.6/Engine/Binaries/Win64/../../../Engine/Shaders/PostProcessAmbient.usf" 224
"C:/Program Files/Epic Games/4.6/Engine/Binaries/Win64/../../../Engine/Shaders/CubemapCommon.usf" 225
"C:/Program Files/Epic Games/4.6/Engine/Binaries/Win64/../../../Engine/Shaders/VelocityShader.usf" 226
"C:/Program Files/Epic Games/4.6/Engine/Binaries/Win64/../../../Engine/Shaders/Tessellation.usf" 227
"C:/Program Files/Epic Games/4.6/Engine/Binaries/Win64/../../../Engine/Shaders/FlatTessellation.usf" 228
"C:/Program Files/Epic Games/4.6/Engine/Binaries/Win64/../../../Engine/Shaders/PNTriangles.usf" 229
"C:/Program Files/Epic Games/4.6/Engine/Binaries/Win64/../../../Engine/Shaders/TranslucentLightingShaders.usf" 230
"C:/Program Files/Epic Games/4.6/Engine/Binaries/Win64/../../../Engine/Shaders/SHCommon.usf" 231
"C:/Program Files/Epic Games/4.6/Engine/Binaries/Win64/../../../Engine/Shaders/ShadowProjectionCommon.usf" 232
"C:/Program Files/Epic Games/4.6/Engine/Binaries/Win64/../../../Engine/Shaders/TranslucentLightInjectionShaders.usf" 233
"C:/Program Files/Epic Games/4.6/Engine/Binaries/Win64/../../../Engine/Shaders/LightFunctionCommon.usf" 234
"C:/Program Files/Epic Games/4.6/Engine/Binaries/Win64/../../../Engine/Shaders/TranslucentShadowDepthShaders.usf" 235
"C:/Program Files/Epic Games/4.6/Engine/Binaries/Win64/../../../Engine/Shaders/ShadowDepthCommon.usf" 236
"C:/Program Files/Epic Games/4.6/Engine/Binaries/Win64/../../../Engine/Shaders/TiledDeferredLightShaders.usf" 237
"C:/Program Files/Epic Games/4.6/Engine/Binaries/Win64/../../../Engine/Shaders/ShadowProjectionPixelShader.usf" 238
"C:/Program Files/Epic Games/4.6/Engine/Binaries/Win64/../../../Engine/Shaders/ShadowFilteringCommon.usf" 239
"C:/Program Files/Epic Games/4.6/Engine/Binaries/Win64/../../../Engine/Shaders/ShadowProjectionVertexShader.usf" 240
"C:/Program Files/Epic Games/4.6/Engine/Binaries/Win64/../../../Engine/Shaders/ShadowDepthPixelShader.usf" 241
"C:/Program Files/Epic Games/4.6/Engine/Binaries/Win64/../../../Engine/Shaders/LPVWriteVplCommon.usf" 242
"C:/Program Files/Epic Games/4.6/Engine/Binaries/Win64/../../../Engine/Shaders/LPVWriteCommon.usf" 243
"C:/Program Files/Epic Games/4.6/Engine/Binaries/Win64/../../../Engine/Shaders/ShadowDepthVertexShader.usf" 244
"C:/Program Files/Epic Games/4.6/Engine/Binaries/Win64/../../../Engine/Shaders/ShaderComplexityApplyPixelShader.usf" 245
"C:/Program Files/Epic Games/4.6/Engine/Binaries/Win64/../../../Engine/Shaders/ShaderComplexityApplyVertexShader.usf" 246
"C:/Program Files/Epic Games/4.6/Engine/Binaries/Win64/../../../Engine/Shaders/ShaderComplexityAccumulatePixelShader.usf" 247
"C:/Program Files/Epic Games/4.6/Engine/Binaries/Win64/../../../Engine/Shaders/HZBOcclusion.usf" 248
"C:/Program Files/Epic Games/4.6/Engine/Binaries/Win64/../../../Engine/Shaders/OcclusionQueryVertexShader.usf" 249
"C:/Program Files/Epic Games/4.6/Engine/Binaries/Win64/../../../Engine/Shaders/HitProxyPixelShader.usf" 250
"C:/Program Files/Epic Games/4.6/Engine/Binaries/Win64/../../../Engine/Shaders/HitProxyVertexShader.usf" 251
"C:/Program Files/Epic Games/4.6/Engine/Binaries/Win64/../../../Engine/Shaders/ReflectionEnvironmentShaders.usf" 252
"C:/Program Files/Epic Games/4.6/Engine/Binaries/Win64/../../../Engine/Shaders/ReflectionEnvironmentShared.usf" 253
"C:/Program Files/Epic Games/4.6/Engine/Binaries/Win64/../../../Engine/Shaders/SkyLightingShared.usf" 254
"C:/Program Files/Epic Games/4.6/Engine/Binaries/Win64/../../../Engine/Shaders/ReflectionEnvironmentComputeShaders.usf" 255
"C:/Program Files/Epic Games/4.6/Engine/Binaries/Win64/../../../Engine/Shaders/LightShaftShader.usf" 256
"C:/Program Files/Epic Games/4.6/Engine/Binaries/Win64/../../../Engine/Shaders/StationaryLightOverlapShaders.usf" 257
"C:/Program Files/Epic Games/4.6/Engine/Binaries/Win64/../../../Engine/Shaders/DeferredLightPixelShaders.usf" 258
"C:/Program Files/Epic Games/4.6/Engine/Binaries/Win64/../../../Engine/Shaders/DeferredLightVertexShaders.usf" 259
"C:/Program Files/Epic Games/4.6/Engine/Binaries/Win64/../../../Engine/Shaders/LPVVisualise.usf" 260
"C:/Program Files/Epic Games/4.6/Engine/Binaries/Win64/../../../Engine/Shaders/LPVGeometryVolumeCommon.usf" 261
"C:/Program Files/Epic Games/4.6/Engine/Binaries/Win64/../../../Engine/Shaders/LPVDirectLightInject.usf" 262
"C:/Program Files/Epic Games/4.6/Engine/Binaries/Win64/../../../Engine/Shaders/LPVPropagate.usf" 263
"C:/Program Files/Epic Games/4.6/Engine/Binaries/Win64/../../../Engine/Shaders/LPVBuildGeometryVolume.usf" 264
"C:/Program Files/Epic Games/4.6/Engine/Binaries/Win64/../../../Engine/Shaders/LPVInject_AccumulateVplLists.usf" 265
"C:/Program Files/Epic Games/4.6/Engine/Binaries/Win64/../../../Engine/Shaders/LPVInject_GenerateVplLists.usf" 266
"C:/Program Files/Epic Games/4.6/Engine/Binaries/Win64/../../../Engine/Shaders/LPVClearLists.usf" 267
"C:/Program Files/Epic Games/4.6/Engine/Binaries/Win64/../../../Engine/Shaders/LPVClear.usf" 268
"C:/Program Files/Epic Games/4.6/Engine/Binaries/Win64/../../../Engine/Shaders/LightMapDensityShader.usf" 269
"C:/Program Files/Epic Games/4.6/Engine/Binaries/Win64/../../../Engine/Shaders/LightFunctionPixelShader.usf" 270
"C:/Program Files/Epic Games/4.6/Engine/Binaries/Win64/../../../Engine/Shaders/LightFunctionVertexShader.usf" 271
"C:/Program Files/Epic Games/4.6/Engine/Binaries/Win64/../../../Engine/Shaders/HdrCustomResolveShaders.usf" 272
"C:/Program Files/Epic Games/4.6/Engine/Binaries/Win64/../../../Engine/Shaders/GPUBenchmark.usf" 273
"C:/Program Files/Epic Games/4.6/Engine/Binaries/Win64/../../../Engine/Shaders/GammaCorrection.usf" 274
"C:/Program Files/Epic Games/4.6/Engine/Binaries/Win64/../../../Engine/Shaders/BasePassForForwardShadingPixelShader.usf" 275
"C:/Program Files/Epic Games/4.6/Engine/Binaries/Win64/../../../Engine/Shaders/BasePassForForwardShadingCommon.usf" 276
"C:/Program Files/Epic Games/4.6/Engine/Binaries/Win64/../../../Engine/Shaders/LightmapCommon.usf" 277
"C:/Program Files/Epic Games/4.6/Engine/Binaries/Win64/../../../Engine/Shaders/BasePassForForwardShadingVertexShader.usf" 278
"C:/Program Files/Epic Games/4.6/Engine/Binaries/Win64/../../../Engine/Shaders/HeightFogCommon.usf" 279
"C:/Program Files/Epic Games/4.6/Engine/Binaries/Win64/../../../Engine/Shaders/HeightFogPixelShader.usf" 280
"C:/Program Files/Epic Games/4.6/Engine/Binaries/Win64/../../../Engine/Shaders/HeightFogVertexShader.usf" 281
"C:/Program Files/Epic Games/4.6/Engine/Binaries/Win64/../../../Engine/Shaders/DistortAccumulatePS.usf" 282
"C:/Program Files/Epic Games/4.6/Engine/Binaries/Win64/../../../Engine/Shaders/DistortAccumulateVS.usf" 283
"C:/Program Files/Epic Games/4.6/Engine/Binaries/Win64/../../../Engine/Shaders/DistortApplyScreenPS.usf" 284
"C:/Program Files/Epic Games/4.6/Engine/Binaries/Win64/../../../Engine/Shaders/SkyLighting.usf" 285
"C:/Program Files/Epic Games/4.6/Engine/Binaries/Win64/../../../Engine/Shaders/DistanceFieldSurfaceCacheLighting.usf" 286
"C:/Program Files/Epic Games/4.6/Engine/Binaries/Win64/../../../Engine/Shaders/DistanceFieldLightingShared.usf" 287
"C:/Program Files/Epic Games/4.6/Engine/Binaries/Win64/../../../Engine/Shaders/DistanceFieldAOShared.usf" 288
"C:/Program Files/Epic Games/4.6/Engine/Binaries/Win64/../../../Engine/Shaders/DistanceFieldSurfaceCacheLightingCompute.usf" 289
"C:/Program Files/Epic Games/4.6/Engine/Binaries/Win64/../../../Engine/Shaders/DistanceFieldShadowing.usf" 290
"C:/Program Files/Epic Games/4.6/Engine/Binaries/Win64/../../../Engine/Shaders/DepthOnlyPixelShader.usf" 291
"C:/Program Files/Epic Games/4.6/Engine/Binaries/Win64/../../../Engine/Shaders/DepthOnlyVertexShader.usf" 292
"C:/Program Files/Epic Games/4.6/Engine/Binaries/Win64/../../../Engine/Shaders/PositionOnlyDepthVertexShader.usf" 293
"C:/Program Files/Epic Games/4.6/Engine/Binaries/Win64/../../../Engine/Shaders/DownsampleDepthPixelShader.usf" 294
"C:/Program Files/Epic Games/4.6/Engine/Binaries/Win64/../../../Engine/Shaders/BasePassPixelShader.usf" 295
"C:/Program Files/Epic Games/4.6/Engine/Binaries/Win64/../../../Engine/Shaders/BasePassCommon.usf" 296
"C:/Program Files/Epic Games/4.6/Engine/Binaries/Win64/../../../Engine/Shaders/BasePassVertexShader.usf" 297
"C:/Program Files/Epic Games/4.6/Engine/Binaries/Win64/../../../Engine/Shaders/BasePassVertexCommon.usf" 298
"C:/Program Files/Epic Games/4.6/Engine/Binaries/Win64/../../../Engine/Shaders/BasePassTessellationShaders.usf" 299
"C:/Program Files/Epic Games/4.6/Engine/Binaries/Win64/../../../Engine/Shaders/AtmospherePrecompute.usf" 300
"C:/Program Files/Epic Games/4.6/Engine/Binaries/Win64/../../../Engine/Shaders/AtmospherePrecomputeCommon.usf" 301
"C:/Program Files/Epic Games/4.6/Engine/Binaries/Win64/../../../Engine/Shaders/AtmospherePrecomputeInscatter.usf" 302
"C:/Program Files/Epic Games/4.6/Engine/Binaries/Win64/../../../Engine/Shaders/AtmosphericFogShader.usf" 303
"C:/Program Files/Epic Games/4.6/Engine/Binaries/Win64/../../../Engine/Shaders/ParticleSortKeyGen.usf" 304
"C:/Program Files/Epic Games/4.6/Engine/Binaries/Win64/../../../Engine/Shaders/ParticleBoundsShader.usf" 305
"C:/Program Files/Epic Games/4.6/Engine/Binaries/Win64/../../../Engine/Shaders/ParticleSimVisualizeShader.usf" 306
"C:/Program Files/Epic Games/4.6/Engine/Binaries/Win64/../../../Engine/Shaders/ParticleInjectionShader.usf" 307
"C:/Program Files/Epic Games/4.6/Engine/Binaries/Win64/../../../Engine/Shaders/ParticleSimulationShader.usf" 308
"C:/Program Files/Epic Games/4.6/Engine/Binaries/Win64/../../../Engine/Shaders/ParticleCurveInjectionShader.usf" 309
"C:/Program Files/Epic Games/4.6/Engine/Binaries/Win64/../../../Engine/Shaders/VectorFieldCompositeShaders.usf" 310
"C:/Program Files/Epic Games/4.6/Engine/Binaries/Win64/../../../Engine/Shaders/UpdateTextureShaders.usf" 311
"C:/Program Files/Epic Games/4.6/Engine/Binaries/Win64/../../../Engine/Shaders/SimpleElementColorChannelMaskPixelShader.usf" 312
"C:/Program Files/Epic Games/4.6/Engine/Binaries/Win64/../../../Engine/Shaders/SimpleElementHitProxyPixelShader.usf" 313
"C:/Program Files/Epic Games/4.6/Engine/Binaries/Win64/../../../Engine/Shaders/SimpleElementPixelShader.usf" 314
"C:/Program Files/Epic Games/4.6/Engine/Binaries/Win64/../../../Engine/Shaders/ColorUtils.usf" 315
"C:/Program Files/Epic Games/4.6/Engine/Binaries/Win64/../../../Engine/Shaders/SimpleElementVertexShader.usf" 316
"C:/Program Files/Epic Games/4.6/Engine/Binaries/Win64/../../../Engine/Shaders/ScreenVertexShader.usf" 317
"C:/Program Files/Epic Games/4.6/Engine/Binaries/Win64/../../../Engine/Shaders/ScreenPixelShader.usf" 318
"C:/Program Files/Epic Games/4.6/Engine/Binaries/Win64/../../../Engine/Shaders/RadixSortShaders.usf" 319
"C:/Program Files/Epic Games/4.6/Engine/Binaries/Win64/../../../Engine/Shaders/GpuSkinCacheComputeShader.usf" 320
"C:/Program Files/Epic Games/4.6/Engine/Binaries/Win64/../../../Engine/Shaders/NullPixelShader.usf" 321
"C:/Program Files/Epic Games/4.6/Engine/Binaries/Win64/../../../Engine/Shaders/ClearReplacementShaders.usf" 322
"C:/Program Files/Epic Games/4.6/Engine/Binaries/Win64/../../../Engine/Shaders/SimpleElementTexture2DPreviewPixelShader.usf" 323
"C:/Program Files/Epic Games/4.6/Engine/Binaries/Win64/../../../Engine/Shaders/SimpleElementNormalMapPixelShader.usf" 324
"C:/Program Files/Epic Games/4.6/Engine/Binaries/Win64/../../../Engine/Shaders/meshpaintdilatepixelshader.usf" 325
"C:/Program Files/Epic Games/4.6/Engine/Binaries/Win64/../../../Engine/Shaders/meshpaintdilatevertexshader.usf" 326
"C:/Program Files/Epic Games/4.6/Engine/Binaries/Win64/../../../Engine/Shaders/MeshPaintPixelShader.usf" 327
"C:/Program Files/Epic Games/4.6/Engine/Binaries/Win64/../../../Engine/Shaders/MeshPaintVertexShader.usf" 328
"../../../Engine/Config/Android/AndroidEngine.ini" 329
"../../../Engine/Config/IOS/IOSEngine.ini" 330
"../../../Engine/Config/Linux/LinuxEngine.ini" 331
"C:/Users/taylo_000/AppData/Local/UnrealEngine/4.6/DerivedDataCache/Boot.ddc" 332
"../../../Engine/DerivedDataCache/DDC.ddp" 333
"../../../Engine/Content/EditorResources/S_Actor.uasset" 334
"../../../Engine/Content/EditorLandscapeResources/DataLayer.uasset" 335
"../../../Engine/Content/Maps/Templates/Thumbnails/Default.uasset" 336
"../../../Engine/Content/EditorMaterials/ParticleSystems/PSysThumbnail_NoImage.uasset" 337
"../../../Engine/Content/EditorMaterials/ParticleSystems/PSysThumbnail_OOD.uasset" 338
"../../../Engine/Content/EngineDamageTypes/DmgTypeBP_Environmental.uasset" 339
"../../../Engine/Content/EngineMeshes/Sphere.uasset" 340
"../../../Engine/Content/EngineFonts/RobotoDistanceField.uasset" 341
"../../../Engine/Content/EngineMaterials/DefaultTextMaterialOpaque.uasset" 342
"../../../Engine/Content/Functions/Engine_MaterialFunctions01/Shading/PowerToRoughness.uasset" 343
"../../../Engine/Content/Functions/Engine_MaterialFunctions01/Shading/ConvertFromDiffSpec.uasset" 344
"../../../Engine/Content/EngineMaterials/WorldGridMaterial.uasset" 345
"../../../Engine/Content/Functions/Engine_MaterialFunctions01/Opacity/CameraDepthFade.uasset" 346
"../../../Engine/Content/EngineMaterials/T_Default_Material_Grid_M.uasset" 347
"../../../Engine/Content/EngineMaterials/T_Default_Material_Grid_N.uasset" 348
"../../../Engine/Content/EngineMaterials/DefaultDeferredDecalMaterial.uasset" 349
"../../../Engine/Content/EngineMaterials/DefaultDiffuse.uasset" 350
"../../../Engine/Content/EngineMaterials/DefaultLightFunctionMaterial.uasset" 351
"../../../Engine/Content/EngineMaterials/DefaultPostProcessMaterial.uasset" 352
"../../../Engine/Content/Functions/Engine_MaterialFunctions02/Utility/BreakOutFloat2Components.uasset" 353
"../../../Engine/Content/EditorResources/S_Trigger.uasset" 354
"../../../Engine/Content/EngineResources/WhiteSquareTexture.uasset" 355
"../../../Engine/Content/EngineResources/GradientTexture0.uasset" 356
"../../../Engine/Content/EngineResources/Black.uasset" 357
"../../../Engine/Content/EditorMaterials/MatineeGroups/MAT_Groups_Float.uasset" 358
"../../../Engine/Content/EditorMaterials/MatineeGroups/MAT_Groups_Director.uasset" 359
"../../../Engine/Content/EditorMaterials/MatineeGroups/MAT_Groups_Event.uasset" 360
"../../../Engine/Content/EditorMaterials/MatineeGroups/MAT_Groups_Anim.uasset" 361
"../../../Engine/Content/EditorMaterials/MatineeGroups/MAT_Groups_Fade.uasset" 362
"../../../Engine/Content/EditorMaterials/MatineeGroups/MAT_Groups_Move.uasset" 363
"../../../Engine/Content/EditorMaterials/MatineeGroups/MAT_Groups_Slomo.uasset" 364
"../../../Engine/Content/EditorMaterials/MatineeGroups/MAT_ColorTrack.uasset" 365
"../../../Engine/Content/EditorMaterials/MAT_Groups_Toggle.uasset" 366
"../../../Engine/Content/EditorMaterials/MatineeGroups/MAT_Groups_AudioMaster.uasset" 367
"../../../Engine/Content/EditorMaterials/MatineeGroups/MAT_Groups_Sound.uasset" 368
"../../../Engine/Content/EditorMaterials/MatineeGroups/MAT_Groups_Vector.uasset" 369
"../../../Engine/Content/EditorMaterials/MAT_Groups_Visibility.uasset" 370
"../../../Engine/Content/EngineResources/DefaultTexture.uasset" 371
"../../../Engine/Content/EngineResources/DefaultTextureCube.uasset" 372
"../../../Engine/Content/EngineSounds/Master.uasset" 373
"../../../Engine/Content/EngineSounds/Music.uasset" 374
"../../../Engine/Content/EngineSounds/SFX.uasset" 375
"../../../Engine/Content/EngineSounds/Normal_Attack.uasset" 376
"../../../Engine/Content/EngineSounds/Special_Attack_PSM.uasset" 377
"../../../Engine/Content/EngineSounds/Duck_Normal_Attack_MixMod.uasset" 378
"../../../Engine/Content/EngineSounds/Voice.uasset" 379
"../../../Engine/Content/EngineMeshes/Cylinder.uasset" 380
"../../../Engine/Content/EngineMaterials/DefaultMaterial.uasset" 381
"../../../Engine/Content/EngineTireTypes/DefaultTireType.uasset" 382
"../../../Engine/Content/Editor/Slate/Fonts/DroidSansMono.ttf" 383
"../../../Engine/Content/Editor/Slate/Fonts/Roboto-BoldCondensed.ttf" 384
"../../../Engine/Content/Editor/Slate/Fonts/Roboto-Black.ttf" 385
"../../../Engine/Content/Editor/Slate/Fonts/Roboto-BoldCondensedItalic.ttf" 386
"../../../Engine/Content/Editor/Slate/Fonts/Roboto-Italic.ttf" 387
"../../../Engine/Content/EngineFonts/Roboto.uasset" 388
"../../../Engine/Content/EngineMaterials/Widget3DPassThrough_Translucent.uasset" 389
"../../../Engine/Content/EngineMaterials/Widget3DPassThrough.uasset" 390
"../../../Engine/Content/EngineMaterials/Widget3DPassThrough_Translucent_OneSided.uasset" 391
"../../../Engine/Content/EngineMaterials/Widget3DPassThrough_Opaque.uasset" 392
"../../../Engine/Content/EngineMaterials/Widget3DPassThrough_Opaque_OneSided.uasset" 393
"../../../Engine/Plugins/2D/Paper2D/Content/MaskedUnlitSpriteMaterial.uasset" 394
"../../../Engine/Plugins/2D/Paper2D/Content/DefaultSpriteMaterial.uasset" 395
"../../../Engine/Plugins/2D/Paper2D/Content/DummySpriteTexture.uasset" 396
"../../../Engine/Plugins/2D/Paper2D/Content/OpaqueUnlitSpriteMaterial.uasset" 397
"../../../Engine/Plugins/2D/Paper2D/Content/DefaultPaperTerrainMaterial.uasset" 398
"../../../Engine/Plugins/2D/Paper2D/Content/DummySprite.uasset" 399
"../../../../../../Users/taylo_000/Documents/kaleidoscope/Content/Material/T_Map1.uasset" 400
"../../../../../../Users/taylo_000/Documents/kaleidoscope/Content/Material/T_Map2.uasset" 401
"../../../../../../Users/taylo_000/Documents/kaleidoscope/Content/Material/T_Map3.uasset" 402
"../../../../../../Users/taylo_000/Documents/kaleidoscope/Content/Material/T_Map4.uasset" 403
"../../../../../../Users/taylo_000/Documents/kaleidoscope/Content/Material/T_Map5.uasset" 404
"../../../../../../Users/taylo_000/Documents/kaleidoscope/Content/Material/T_Map6.uasset" 405
"../../../../../../Users/taylo_000/Documents/kaleidoscope/Content/Blueprints/MyCharacter.uasset" 406
"../../../../../../Users/taylo_000/Documents/kaleidoscope/Content/Character/HeroTPP_AnimBlueprint.uasset" 407
"../../../../../../Users/taylo_000/Documents/kaleidoscope/Content/Animations/Jump_End.uasset" 408
"../../../../../../Users/taylo_000/Documents/kaleidoscope/Content/Character/HeroTPP_Skeleton.uasset" 409
"../../../../../../Users/taylo_000/Documents/kaleidoscope/Content/Animations/Jump_Loop.uasset" 410
"../../../../../../Users/taylo_000/Documents/kaleidoscope/Content/Animations/Jump_Start.uasset" 411
"../../../../../../Users/taylo_000/Documents/kaleidoscope/Content/Character/IdleRun_TPP.uasset" 412
"../../../../../../Users/taylo_000/Documents/kaleidoscope/Content/Animations/Idle.uasset" 413
"../../../../../../Users/taylo_000/Documents/kaleidoscope/Content/Animations/Run.uasset" 414
"../../../../../../Users/taylo_000/Documents/kaleidoscope/Content/Animations/Walk.uasset" 415
"../../../Engine/Content/EditorBlueprintResources/StandardMacros.uasset" 416
"../../../../../../Users/taylo_000/Documents/kaleidoscope/Content/StarterContent/Materials/M_Basic_Wall.uasset" 417
"../../../../../../Users/taylo_000/Documents/kaleidoscope/Content/Blueprints/Menu.uasset" 418
"../../../../../../Users/taylo_000/Documents/kaleidoscope/Content/Fonts/Brush_Strokes.uasset" 419
"../../../../../../Users/taylo_000/Documents/kaleidoscope/Content/Images/MenuLayover.uasset" 420
"../../../../../../Users/taylo_000/Documents/kaleidoscope/Content/Character/HeroTPP.uasset" 421
"../../../Engine/Content/TemplateResources/MI_Template_BaseBlue.uasset" 422
"../../../Engine/Content/TemplateResources/M_Template_Master.uasset" 423
"C:/Users/taylo_000/AppData/Local/UnrealEngine/Common/DerivedDataCache/9/9/0/TEXTURE_75F87CE100B546AAB8A1C4132AF9DB17_BGRA8_0FB8021D45E11A0B6EC3FEB446A2592__C9DA2B31A611C26570E571CF051EB47C9DE1300B.udd" 424
"C:/Users/taylo_000/AppData/Local/UnrealEngine/Common/DerivedDataCache/0/3/2/MATSM_E2C1E89EE9AE4F3CA7B8E0F2C49B34EB_PCD3D_SM4_2__BC5N_DEV_SL_NODBUFE70D357C__F07D4BA2ED900A93DCAA6D7C5D5FE465C84B3177.udd" 425
"../../../../../../Users/taylo_000/Documents/kaleidoscope/Content/Blueprints/newHUD.uasset" 426
"../../../../../../Users/taylo_000/Documents/kaleidoscope/Content/Blueprints/NewInterface.uasset" 427
"../../../../../../Users/taylo_000/Documents/kaleidoscope/Content/Blueprints/NewFont.uasset" 428
"C:/Users/taylo_000/AppData/Local/UnrealEngine/4.6/Saved/Config/Windows/SourceControlSettings.ini" 429
"../../../../../../Users/taylo_000/Documents/kaleidoscope/Saved/Config/CleanSourceConfigs/SourceControlSettings.ini" 430
"C:/Users/taylo_000/Documents/kaleidoscope/Saved/Config/Windows/SourceControlSettings.ini" 431
"../../../Engine/Content/EngineMaterials/RemoveSurfaceMaterial.uasset" 432
"../../../Engine/Content/EngineDebugMaterials/DebugMeshMaterial.uasset" 433
"../../../Engine/Content/EngineMaterials/M_InvalidLightmapSettings.uasset" 434
"../../../Engine/Content/EngineMaterials/InvalidLightmapSettings.uasset" 435
"../../../Engine/Content/EditorMaterials/GizmoMaterial.uasset" 436
"../../../Engine/Content/EngineMaterials/Good64x64TilingNoiseHighFreq.uasset" 437
"../../../Engine/Content/EngineMaterials/DefaultBokeh.uasset" 438
"../../../Engine/Content/EngineMaterials/PreintegratedSkinBRDF.uasset" 439
"../../../Engine/Content/EngineMaterials/MiniFont.uasset" 440
"../../../Engine/Content/EngineMaterials/WeightMapPlaceholderTexture.uasset" 441
"../../../Engine/Content/EngineMaterials/DefaultWhiteGrid.uasset" 442
"../../../Engine/Content/EngineMaterials/DefaultPhysicalMaterial.uasset" 443
"../../../Engine/Content/EngineFonts/RobotoTiny.uasset" 444
"../../../../../../Users/taylo_000/Documents/kaleidoscope/Intermediate/CachedAssetRegistry.bin" 445
"../../../../../../Users/taylo_000/Documents/kaleidoscope/Content/Blueprints/z-mainMenu/1-BPmenuHUD.uasset" 446
"../../../../../../Users/taylo_000/Documents/kaleidoscope/Content/Maps/Example_Map.umap" 447
"../../../Engine/Content/MobileResources/HUD/VirtualJoystick_Thumb.uasset" 448
"../../../Engine/Content/MobileResources/HUD/VirtualJoystick_Background.uasset" 449
"../../../Engine/Content/MobileResources/HUD/T_Castle_ThumbstickOutter.uasset" 450
"../../../Engine/Content/MobileResources/HUD/T_Castle_ThumbstickInner.uasset" 451
"../../../Engine/Content/MobileResources/HUD/MobileHUDDirectionStick.uasset" 452
"../../../Engine/Content/MobileResources/HUD/MobileHUDDirectionPad3.uasset" 453
"../../../Engine/Content/MobileResources/HUD/MobileHUDDirectionPad2.uasset" 454
"../../../Engine/Content/MobileResources/HUD/MobileHUDDirectionPad.uasset" 455
"../../../Engine/Content/MobileResources/HUD/MobileHUDButtonFire.uasset" 456
"../../../Engine/Content/MobileResources/HUD/MobileHUDButton3.uasset" 457
"../../../Engine/Content/MobileResources/HUD/MobileHUDButton2_on.uasset" 458
"../../../Engine/Content/MobileResources/HUD/MobileHUDButton2_off.uasset" 459
"../../../Engine/Content/MobileResources/HUD/MobileHUDButton1_on.uasset" 460
"../../../Engine/Content/MobileResources/HUD/MobileHUDButton1_off.uasset" 461
"../../../Engine/Content/MobileResources/HUD/LeftVirtualJoystickOnly.uasset" 462
"../../../Engine/Content/MobileResources/HUD/DefaultVirtualJoysticks.uasset" 463
"../../../Engine/Content/MobileResources/HUD/AnalogHat.uasset" 464
"../../../Engine/Content/MobileResources/T_MobileMenu2.uasset" 465
"../../../Engine/Content/MobileResources/T_MobileControls_texture.uasset" 466
"../../../Engine/Content/Maps/Entry.umap" 467
"../../../Engine/Content/EngineMaterials/DefaultNormal.uasset" 468
"../../../Engine/Content/EngineSky/BP_Sky_Sphere.uasset" 469
"../../../Engine/Content/EngineSky/C_Sky_Cloud_Color.uasset" 470
"../../../Engine/Content/EngineSky/C_Sky_Horizon_Color.uasset" 471
"../../../Engine/Content/EngineSky/C_Sky_Zenith_Color.uasset" 472
"../../../Engine/Content/EngineSky/M_Sky_Panning_Clouds2.uasset" 473
"../../../Engine/Content/EngineSky/T_Sky_Blue.uasset" 474
"../../../Engine/Content/EngineSky/T_Sky_Clouds_M.uasset" 475
"../../../Engine/Content/EngineSky/T_Sky_Stars.uasset" 476
"../../../Engine/Content/EngineSky/SM_SkySphere.uasset" 477
"../../../../../../Users/taylo_000/Documents/kaleidoscope/Content/Blueprints/Camera1.uasset" 478
"../../../../../../Users/taylo_000/Documents/kaleidoscope/Content/Blueprints/Camera2.uasset" 479
"../../../../../../Users/taylo_000/Documents/kaleidoscope/Content/Blueprints/Camera3.uasset" 480
"../../../../../../Users/taylo_000/Documents/kaleidoscope/Content/Blueprints/Camera4.uasset" 481
"../../../../../../Users/taylo_000/Documents/kaleidoscope/Content/Blueprints/Camera5.uasset" 482
"../../../../../../Users/taylo_000/Documents/kaleidoscope/Content/Blueprints/Camera6.uasset" 483
"../../../../../../Users/taylo_000/Documents/kaleidoscope/Content/StarterContent/Materials/M_Ground_Grass.uasset" 484
"../../../../../../Users/taylo_000/Documents/kaleidoscope/Content/StarterContent/Textures/T_Ground_Grass_D.uasset" 485
"../../../../../../Users/taylo_000/Documents/kaleidoscope/Content/StarterContent/Textures/T_Ground_Grass_N.uasset" 486
"../../../../../../Users/taylo_000/Documents/kaleidoscope/Content/StarterContent/Textures/T_MacroVariation.uasset" 487
"../../../../../../Users/taylo_000/Documents/kaleidoscope/Content/StarterContent/Textures/T_Perlin_Noise_M.uasset" 488
"../../../Engine/Content/TemplateResources/MI_Template_BaseGray.uasset" 489
"../../../Engine/Content/TemplateResources/MI_Template_BaseGray_03_Metal.uasset" 490
"../../../Engine/Content/MapTemplates/Bokeh_5Sides.uasset" 491
"../../../Engine/Content/MapTemplates/T_ScreenDirt02_w.uasset" 492
"../../../../../../Users/taylo_000/Documents/kaleidoscope/Content/3DModel/Farm/Farmhouse_FBX.uasset" 493
"../../../../../../Users/taylo_000/Documents/kaleidoscope/Content/3DModel/Farm/lambert13.uasset" 494
"../../../../../../Users/taylo_000/Documents/kaleidoscope/Content/3DModel/Farm/Farmhouse_Texture.uasset" 495
"../../../../../../Users/taylo_000/Documents/kaleidoscope/Content/3DModel/Farm/Farmhouse_Texture_Bump_Map_.uasset" 496
"../../../../../../Users/taylo_000/Documents/kaleidoscope/Content/3DModel/Market/Flag2.uasset" 497
"../../../../../../Users/taylo_000/Documents/kaleidoscope/Content/3DModel/Market/Metal2.uasset" 498
"../../../../../../Users/taylo_000/Documents/kaleidoscope/Content/3DModel/Market/TradeTent1.uasset" 499
"../../../../../../Users/taylo_000/Documents/kaleidoscope/Content/3DModel/Market/Flag.uasset" 500
"../../../../../../Users/taylo_000/Documents/kaleidoscope/Content/3DModel/Market/Metal.uasset" 501
"../../../../../../Users/taylo_000/Documents/kaleidoscope/Content/3DModel/Market/Wood1.uasset" 502
"../../../../../../Users/taylo_000/Documents/kaleidoscope/Content/3DModel/Market/Wood12.uasset" 503
"../../../../../../Users/taylo_000/Documents/kaleidoscope/Content/3DModel/Market/Wood2.uasset" 504
"../../../../../../Users/taylo_000/Documents/kaleidoscope/Content/3DModel/Market/Wood.uasset" 505
"../../../../../../Users/taylo_000/Documents/kaleidoscope/Content/3DModel/Stable/4914.uasset" 506
"../../../../../../Users/taylo_000/Documents/kaleidoscope/Content/3DModel/Stable/MADEIRA1.uasset" 507
"../../../../../../Users/taylo_000/Documents/kaleidoscope/Content/3DModel/Stable/MADEIRA2.uasset" 508
"../../../../../../Users/taylo_000/Documents/kaleidoscope/Content/3DModel/Stable/MADEIRA3.uasset" 509
"../../../../../../Users/taylo_000/Documents/kaleidoscope/Content/3DModel/Stable/Stable.uasset" 510
"../../../../../../Users/taylo_000/Documents/kaleidoscope/Content/3DModel/Stable/01_-_Default.uasset" 511
"../../../../../../Users/taylo_000/Documents/kaleidoscope/Content/3DModel/Stable/Material__46.uasset" 512
"../../../../../../Users/taylo_000/Documents/kaleidoscope/Content/3DModel/Stable/Material__72.uasset" 513
"../../../../../../Users/taylo_000/Documents/kaleidoscope/Content/3DModel/Stable/Material__73.uasset" 514
"../../../../../../Users/taylo_000/Documents/kaleidoscope/Content/3DModel/WoodHouse/MADEIRA2.uasset" 515
"../../../../../../Users/taylo_000/Documents/kaleidoscope/Content/3DModel/WoodHouse/MADEIRA3.uasset" 516
"../../../../../../Users/taylo_000/Documents/kaleidoscope/Content/3DModel/WoodHouse/TELHA.uasset" 517
"../../../../../../Users/taylo_000/Documents/kaleidoscope/Content/3DModel/WoodHouse/TELHA2.uasset" 518
"../../../../../../Users/taylo_000/Documents/kaleidoscope/Content/3DModel/WoodHouse/TELHA3.uasset" 519
"../../../../../../Users/taylo_000/Documents/kaleidoscope/Content/3DModel/WoodHouse/WoodHouse.uasset" 520
"../../../../../../Users/taylo_000/Documents/kaleidoscope/Content/3DModel/WoodHouse/NewHOUSE2_MADEIRA.uasset" 521
"../../../../../../Users/taylo_000/Documents/kaleidoscope/Content/3DModel/WoodHouse/NewHOUSE2_MADEIRA3.uasset" 522
"../../../../../../Users/taylo_000/Documents/kaleidoscope/Content/3DModel/WoodHouse/NewHOUSE2_TELHA.uasset" 523
"../../../../../../Users/taylo_000/Documents/kaleidoscope/Content/3DModel/WoodHouse/NewHOUSE2_TELHA2.uasset" 524
"../../../../../../Users/taylo_000/Documents/kaleidoscope/Content/3DModel/WoodHouse/NewHOUSE2_TELHA3.uasset" 525
"../../../../../../Users/taylo_000/Documents/kaleidoscope/Content/3DModel/WoodHouse/NewHOUSE2_VIGA.uasset" 526
"../../../../../../Users/taylo_000/Documents/kaleidoscope/Content/Audio/Untitled_3__Cue.uasset" 527
"../../../../../../Users/taylo_000/Documents/kaleidoscope/Content/Audio/Untitled_3_.uasset" 528
"../../../../../../Users/taylo_000/Documents/kaleidoscope/Content/StarterContent/Architecture/Wall_500x500.uasset" 529
"C:/Users/taylo_000/AppData/Local/UnrealEngine/Common/DerivedDataCache/1/8/0/STATICMESH_46A8778361B442A9523C54440EA1E9D_0DB5412B27AB480F844CC7F0BE5ABAFF_D1__7508939DAEBDF2F594B834D18579A4CA5433DBCA.udd" 530
"C:/Users/taylo_000/AppData/Local/UnrealEngine/Common/DerivedDataCache/4/1/1/PHYSX_$7B1F0627AE$2DABEB$2D4206$2D8D78$2DE16BEB5DDC7E$7D_PHYSXPC_149774684ED90__7779A04B330B5E72066B1449DCFE5BED4E8FD3EB.udd" 531
"C:/Users/taylo_000/AppData/Local/UnrealEngine/Common/DerivedDataCache/0/2/4/TEXTURE_75F87CE100B546AAB8A1C4132AF9DB17_AUTODXT_CEAD33704896FE91454686AD11B23__E8AF0D7B415EBD27DECBDAA51E7137A74150578F.udd" 532
"C:/Users/taylo_000/AppData/Local/UnrealEngine/Common/DerivedDataCache/8/6/1/TEXTURE_75F87CE100B546AAB8A1C4132AF9DB17_BC5_DC537C744E15524DC05C3CBCE00B3B22___E07F5879DC4B0E95EEE4D41A928530AA0503E2BD.udd" 533
"C:/Users/taylo_000/AppData/Local/UnrealEngine/Common/DerivedDataCache/3/5/4/TEXTURE_75F87CE100B546AAB8A1C4132AF9DB17_AUTODXT_CEAD33704896FE91454686AD11B23__ED4F2D24399912DB71B85E4F5308A88D031B8A1E.udd" 534
"C:/Users/taylo_000/AppData/Local/UnrealEngine/Common/DerivedDataCache/1/0/2/TEXTURE_75F87CE100B546AAB8A1C4132AF9DB17_BC5_DC537C744E15524DC05C3CBCE00B3B22___2AD4447451372978033AC79FF28B38811DFCBA4A.udd" 535
"C:/Users/taylo_000/AppData/Local/UnrealEngine/Common/DerivedDataCache/5/2/4/TEXTURE_75F87CE100B546AAB8A1C4132AF9DB17_AUTODXT_83B796304AE1DA26D7A83B8368826__9EA98F174D6CCAC93CE4CAF83C2EEB3BA3A543B0.udd" 536
"C:/Users/taylo_000/AppData/Local/UnrealEngine/Common/DerivedDataCache/6/8/3/TEXTURE_75F87CE100B546AAB8A1C4132AF9DB17_AUTODXT_16DC04834DF1F32FD2A2889566A76__AC145E8E7647FB310F2535D7770E69D92D3F1BB4.udd" 537
"C:/Users/taylo_000/AppData/Local/UnrealEngine/Common/DerivedDataCache/6/6/8/MATSM_E2C1E89EE9AE4F3CA7B8E0F2C49B34EB_PCD3D_SM5_2__BC5N_DEV_SL_NODBUFA0D7BC5D__5F1AD702C7D6D438D940D30C500BAE61A7B91283.udd" 538
"C:/Users/taylo_000/AppData/Local/UnrealEngine/Common/DerivedDataCache/5/8/0/MATSM_E2C1E89EE9AE4F3CA7B8E0F2C49B34EB_PCD3D_SM4_2__BC5N_DEV_SL_NODBUFA0D7BC5D__5CAEEE2A9E04021EB186A79A08F85896D66A190D.udd" 539
"C:/Users/taylo_000/AppData/Local/UnrealEngine/Common/DerivedDataCache/7/4/9/STATICMESH_46A8778361B442A9523C54440EA1E9D_0DB5412B27AB480F844CC7F0BE5ABAFF_4F__570D2ACF7DAC5B86D2D2736D24CB902B2431B62F.udd" 540
"C:/Users/taylo_000/AppData/Local/UnrealEngine/Common/DerivedDataCache/1/3/0/TEXTURE_75F87CE100B546AAB8A1C4132AF9DB17_BC5_DC537C744E15524DC05C3CBCE00B3B22___D125AB846817873A415E9C4189AD6187943C3D09.udd" 541
"C:/Users/taylo_000/AppData/Local/UnrealEngine/Common/DerivedDataCache/6/5/6/PHYSX_$7B1F0627AE$2DABEB$2D4206$2D8D78$2DE16BEB5DDC7E$7D_PHYSXPC_1F5792C044251__85545978425B319575AF2CE47066F1F178E7BB31.udd" 542
"C:/Users/taylo_000/AppData/Local/UnrealEngine/Common/DerivedDataCache/2/9/0/TEXTURE_75F87CE100B546AAB8A1C4132AF9DB17_AUTODXT_CEAD33704896FE91454686AD11B23__8932197DA1407E9812A8AE545458B4999E97F1E5.udd" 543
"C:/Users/taylo_000/AppData/Local/UnrealEngine/Common/DerivedDataCache/3/7/6/MATSM_E2C1E89EE9AE4F3CA7B8E0F2C49B34EB_PCD3D_SM5_2__BC5N_DEV_SL_NODBUF5438DC87__83CF4C26636139809F1333DABDEF422E469B16FB.udd" 544
"C:/Users/taylo_000/AppData/Local/UnrealEngine/Common/DerivedDataCache/4/4/9/TEXTURE_75F87CE100B546AAB8A1C4132AF9DB17_AUTODXT_CEAD33704896FE91454686AD11B23__EA55779580CF0CE383A3DCBA1C13ED33BA7D2D18.udd" 545
"C:/Users/taylo_000/AppData/Local/UnrealEngine/Common/DerivedDataCache/5/3/6/TEXTURE_75F87CE100B546AAB8A1C4132AF9DB17_AUTODXT_CEAD33704896FE91454686AD11B23__45699F1865FAE500972C93F7A51F01BB903FFEE3.udd" 546
"C:/Users/taylo_000/AppData/Local/UnrealEngine/Common/DerivedDataCache/2/7/6/TEXTURE_75F87CE100B546AAB8A1C4132AF9DB17_BC5_DC537C744E15524DC05C3CBCE00B3B22___955B20ABF5BB3A15EB33997FDF60CAB00451FC1D.udd" 547
"C:/Users/taylo_000/AppData/Local/UnrealEngine/Common/DerivedDataCache/4/3/6/TEXTURE_75F87CE100B546AAB8A1C4132AF9DB17_AUTODXT_CEAD33704896FE91454686AD11B23__3D2BBE861EC320E3E76FCAA12B8E212C884C25A7.udd" 548
"C:/Users/taylo_000/AppData/Local/UnrealEngine/Common/DerivedDataCache/2/6/6/TEXTURE_75F87CE100B546AAB8A1C4132AF9DB17_AUTODXT_729874154FFC8C87471E5FA7281D3__19FA38304F09A96DA4327844E52CAD560E12A74A.udd" 549
"C:/Users/taylo_000/AppData/Local/UnrealEngine/Common/DerivedDataCache/8/4/0/MATSM_E2C1E89EE9AE4F3CA7B8E0F2C49B34EB_PCD3D_SM4_2__BC5N_DEV_SL_NODBUF5438DC87__BB990E17AE742DFD6BBCAE18D8C720C7C4793241.udd" 550
"C:/Users/taylo_000/AppData/Local/UnrealEngine/Common/DerivedDataCache/0/0/1/TEXTURE_75F87CE100B546AAB8A1C4132AF9DB17_BC5_DC537C744E15524DC05C3CBCE00B3B22___B2ACCDBCE8B5827774B8340414C69B7810570BCE.udd" 551
"C:/Users/taylo_000/AppData/Local/UnrealEngine/Common/DerivedDataCache/3/2/1/TEXTURE_75F87CE100B546AAB8A1C4132AF9DB17_AUTODXT_D5546DDD42B1FE9ACF46E0A973FFC__1C877060A2B5B5189C3B31553FEC834F488055BD.udd" 552
"C:/Users/taylo_000/AppData/Local/UnrealEngine/Common/DerivedDataCache/8/7/1/TEXTURE_75F87CE100B546AAB8A1C4132AF9DB17_BC5_DC537C744E15524DC05C3CBCE00B3B22___F9444BC4D4D0054A1F2FFEEDC960DB2653E1AE25.udd" 553
"C:/Users/taylo_000/AppData/Local/UnrealEngine/Common/DerivedDataCache/2/3/9/TEXTURE_75F87CE100B546AAB8A1C4132AF9DB17_AUTODXT_D5546DDD42B1FE9ACF46E0A973FFC__622C7A4BCFD755F83F2DF946FD59A34715169F12.udd" 554
"C:/Users/taylo_000/AppData/Local/UnrealEngine/Common/DerivedDataCache/5/5/6/TEXTURE_75F87CE100B546AAB8A1C4132AF9DB17_AUTODXT_764B384546EA90C067C6DD81A649E__06731B214898B220709A0CB9DC33B97B9D3E2A35.udd" 555
"C:/Users/taylo_000/AppData/Local/UnrealEngine/Common/DerivedDataCache/4/3/8/TEXTURE_75F87CE100B546AAB8A1C4132AF9DB17_AUTODXT_D5546DDD42B1FE9ACF46E0A973FFC__AF53168926A91F4B86332F9C523FDA7E78BFAFDC.udd" 556
"C:/Users/taylo_000/AppData/Local/UnrealEngine/Common/DerivedDataCache/9/8/0/TEXTURE_75F87CE100B546AAB8A1C4132AF9DB17_AUTODXT_5BCF984948580E4046CF1FA1A6F73__0740B3ECD9584A333D87EC442605EC2989F68DA1.udd" 557
"C:/Users/taylo_000/AppData/Local/UnrealEngine/Common/DerivedDataCache/5/1/3/TEXTURE_75F87CE100B546AAB8A1C4132AF9DB17_AUTODXT_D5546DDD42B1FE9ACF46E0A973FFC__46A0013FBEA8B855BEA07C9DD511595615FFF18C.udd" 558
"C:/Users/taylo_000/AppData/Local/UnrealEngine/Common/DerivedDataCache/8/7/6/TEXTURE_75F87CE100B546AAB8A1C4132AF9DB17_AUTODXT_DCE68CF64CD749AC8A63AE8FB3537__07CC528C56B3C6284C63DC481105E178E337ACD0.udd" 559
"C:/Users/taylo_000/AppData/Local/UnrealEngine/Common/DerivedDataCache/8/0/7/TEXTURE_75F87CE100B546AAB8A1C4132AF9DB17_AUTODXT_48586B27456EBA98274E969715F39__64644E46C5687BF9B08DD6FE3B4D1A2C157CA341.udd" 560
"C:/Users/taylo_000/AppData/Local/UnrealEngine/Common/DerivedDataCache/7/4/9/TEXTURE_75F87CE100B546AAB8A1C4132AF9DB17_AUTODXT_32649D80459A3744D236539DB1A2B__C787D3B3B6F80797348F42DC35CF897DA0C06C7E.udd" 561
"C:/Users/taylo_000/AppData/Local/UnrealEngine/Common/DerivedDataCache/4/6/7/MATSM_E2C1E89EE9AE4F3CA7B8E0F2C49B34EB_PCD3D_SM5_2__BC5N_DEV_SL_NODBUF6390FE35__A37A04B4DCF023529BA6544DC31B9844FED2C758.udd" 562
"C:/Users/taylo_000/AppData/Local/UnrealEngine/Common/DerivedDataCache/5/1/0/TEXTURE_75F87CE100B546AAB8A1C4132AF9DB17_AUTODXT_EE2405704CB289EAE50016AD77CB5__3A9FF536636EC11411D0CE8EE893B6E1055E8F70.udd" 563
"C:/Users/taylo_000/AppData/Local/UnrealEngine/Common/DerivedDataCache/8/0/5/TEXTURE_75F87CE100B546AAB8A1C4132AF9DB17_AUTODXT_50A1D3F24F4FA3682C52A095B3100__9B5C1F5912A903079C075C8BEDAE175D473C8E27.udd" 564
"C:/Users/taylo_000/AppData/Local/UnrealEngine/Common/DerivedDataCache/2/7/3/TEXTURE_75F87CE100B546AAB8A1C4132AF9DB17_AUTODXT_FF4477E6446EA36560D2879AC1599__5D9CA186A475FC8B4DD9629723466C2F68822EB9.udd" 565
"C:/Users/taylo_000/AppData/Local/UnrealEngine/Common/DerivedDataCache/5/9/4/TEXTURE_75F87CE100B546AAB8A1C4132AF9DB17_AUTODXT_51FB863E465BB1127C642C936AF6C__80AAB430F498062D5F459B795CBEC49A7BFB8C32.udd" 566
"C:/Users/taylo_000/AppData/Local/UnrealEngine/Common/DerivedDataCache/1/7/0/TEXTURE_75F87CE100B546AAB8A1C4132AF9DB17_AUTODXT_12625F66453CEB3EEDFEE3904500C__A305568D5FAF0DD8B93BB1DDB606BB87EABEEAD8.udd" 567
"C:/Users/taylo_000/AppData/Local/UnrealEngine/Common/DerivedDataCache/0/3/4/TEXTURE_75F87CE100B546AAB8A1C4132AF9DB17_AUTODXT_12625F66453CEB3EEDFEE3904500C__D9C7D055730EA4C4C0D5F7C162E3E203B1C762A3.udd" 568
"C:/Users/taylo_000/AppData/Local/UnrealEngine/Common/DerivedDataCache/2/1/6/MATSM_E2C1E89EE9AE4F3CA7B8E0F2C49B34EB_PCD3D_SM4_2__BC5N_DEV_SL_NODBUF6390FE35__B4F98C5D14D8BBA1817DE5739A79FE4E3AC4BB62.udd" 569
"C:/Users/taylo_000/AppData/Local/UnrealEngine/Common/DerivedDataCache/0/9/9/TEXTURE_75F87CE100B546AAB8A1C4132AF9DB17_AUTODXT_12625F66453CEB3EEDFEE3904500C__E882B9724B57BB3B62E87ED71D978636B0048285.udd" 570
"C:/Users/taylo_000/AppData/Local/UnrealEngine/Common/DerivedDataCache/0/5/8/MATSM_E2C1E89EE9AE4F3CA7B8E0F2C49B34EB_PCD3D_SM5_2__BC5N_DEV_SL_NODBUFF376F376__83584B623B4B54EC02404DE90933A23EF76F2989.udd" 571
"C:/Users/taylo_000/AppData/Local/UnrealEngine/Common/DerivedDataCache/1/2/0/TEXTURE_75F87CE100B546AAB8A1C4132AF9DB17_AUTODXT_12625F66453CEB3EEDFEE3904500C__952E08F7490E94B3320E4D9156C233A14855809E.udd" 572
"C:/Users/taylo_000/AppData/Local/UnrealEngine/Common/DerivedDataCache/5/5/5/TEXTURE_75F87CE100B546AAB8A1C4132AF9DB17_AUTODXT_12625F66453CEB3EEDFEE3904500C__78F3C07276F20C72A2347755E52B8C6F4D07025B.udd" 573
"C:/Users/taylo_000/AppData/Local/UnrealEngine/Common/DerivedDataCache/8/6/0/TEXTURE_75F87CE100B546AAB8A1C4132AF9DB17_AUTODXT_348A7DA949C60F44A03020874F15E__EF015ACDF80BFDAAB295240F946B08E3DF1CB737.udd" 574
"C:/Users/taylo_000/AppData/Local/UnrealEngine/Common/DerivedDataCache/1/2/0/TEXTURE_75F87CE100B546AAB8A1C4132AF9DB17_AUTODXT_348A7DA949C60F44A03020874F15E__27759845B246715ED186B8953CE61C50136435ED.udd" 575
"C:/Users/taylo_000/AppData/Local/UnrealEngine/Common/DerivedDataCache/4/7/4/TEXTURE_75F87CE100B546AAB8A1C4132AF9DB17_AUTODXT_348A7DA949C60F44A03020874F15E__DF51BFBC8E448F55D1CF37F317AA15B48CEDA991.udd" 576
"C:/Users/taylo_000/AppData/Local/UnrealEngine/Common/DerivedDataCache/4/7/2/TEXTURE_75F87CE100B546AAB8A1C4132AF9DB17_AUTODXT_4A3B75CC481E9B46D35024B9545BC__56BA7373779CED18308962A96C1C0F1A711FBA77.udd" 577
"C:/Users/taylo_000/AppData/Local/UnrealEngine/Common/DerivedDataCache/6/0/4/TEXTURE_75F87CE100B546AAB8A1C4132AF9DB17_AUTODXT_4A3B75CC481E9B46D35024B9545BC__281CC373547526B8D4B86494DADE6BED7A336D14.udd" 578
"C:/Users/taylo_000/AppData/Local/UnrealEngine/Common/DerivedDataCache/8/3/8/MATSM_E2C1E89EE9AE4F3CA7B8E0F2C49B34EB_PCD3D_SM4_2__BC5N_DEV_SL_NODBUFF376F376__A941D68C1B9BE6422CFC360E3BE367CF0848778B.udd" 579
"C:/Users/taylo_000/AppData/Local/UnrealEngine/Common/DerivedDataCache/3/8/9/TEXTURE_75F87CE100B546AAB8A1C4132AF9DB17_AUTODXT_4A3B75CC481E9B46D35024B9545BC__EA7B540D8B7A73DD757F06AD93BB7E2671DC7E04.udd" 580
"C:/Users/taylo_000/AppData/Local/UnrealEngine/Common/DerivedDataCache/0/3/3/TEXTURE_75F87CE100B546AAB8A1C4132AF9DB17_AUTODXT_4960C75B456D1EC8CFCDFDA96E4C8__DB346814E20B3BAE656EC50ABB7330FB26858C5B.udd" 581
"C:/Users/taylo_000/AppData/Local/UnrealEngine/Common/DerivedDataCache/6/3/7/TEXTURE_75F87CE100B546AAB8A1C4132AF9DB17_AUTODXT_4960C75B456D1EC8CFCDFDA96E4C8__2F5A0AD8E8F252B6F1C3041C43265C174E6F4F98.udd" 582
"C:/Users/taylo_000/AppData/Local/UnrealEngine/Common/DerivedDataCache/4/9/7/TEXTURE_75F87CE100B546AAB8A1C4132AF9DB17_AUTODXT_4960C75B456D1EC8CFCDFDA96E4C8__09862568801A6575ECC8222A681604C260CCABCC.udd" 583
"C:/Users/taylo_000/AppData/Local/UnrealEngine/Common/DerivedDataCache/7/8/7/TEXTURE_75F87CE100B546AAB8A1C4132AF9DB17_AUTODXT_B255054B4D30F7AC5A12B1B48D8C7__965545384FD1FFB9D7A185BEA38D9A73E7801A5A.udd" 584
"C:/Users/taylo_000/AppData/Local/UnrealEngine/Common/DerivedDataCache/7/4/1/TEXTURE_75F87CE100B546AAB8A1C4132AF9DB17_AUTODXT_B255054B4D30F7AC5A12B1B48D8C7__1446258D8A0C32E7CE65F839FF0810351156F41C.udd" 585
"C:/Users/taylo_000/AppData/Local/UnrealEngine/Common/DerivedDataCache/2/6/8/TEXTURE_75F87CE100B546AAB8A1C4132AF9DB17_AUTODXT_B255054B4D30F7AC5A12B1B48D8C7__CCEDF6FCD53AEE7BF0F550B2EBD6A997BD25F540.udd" 586
"C:/Users/taylo_000/AppData/Local/UnrealEngine/Common/DerivedDataCache/9/8/6/TEXTURE_75F87CE100B546AAB8A1C4132AF9DB17_AUTODXT_D21B00D14CE38FD725E50DA8894D6__571DA159CFAAFE1C967A636622A2498BC226C433.udd" 587
"C:/Users/taylo_000/AppData/Local/UnrealEngine/Common/DerivedDataCache/6/9/6/TEXTURE_75F87CE100B546AAB8A1C4132AF9DB17_AUTODXT_D21B00D14CE38FD725E50DA8894D6__93494ED84A14E401324E03814DB8A147688D7D4F.udd" 588
"C:/Users/taylo_000/AppData/Local/UnrealEngine/Common/DerivedDataCache/4/8/8/MATSM_E2C1E89EE9AE4F3CA7B8E0F2C49B34EB_PCD3D_SM5_2__BC5N_DEV_SL_NODBUFF021E82A__192B9CC076F152841E72DD65B9D7B1276FF4DCA3.udd" 589
"C:/Users/taylo_000/AppData/Local/UnrealEngine/Common/DerivedDataCache/5/0/7/TEXTURE_75F87CE100B546AAB8A1C4132AF9DB17_AUTODXT_64512E254872C7E1A70552BBE6010__9DD7A11C626A742A739F0BCFE8111BBBC8F612FB.udd" 590
"C:/Users/taylo_000/AppData/Local/UnrealEngine/Common/DerivedDataCache/4/8/6/TEXTURE_75F87CE100B546AAB8A1C4132AF9DB17_AUTODXT_64512E254872C7E1A70552BBE6010__90483A9AEEC5C7EDF6AED49225612ECCD7DAFEDA.udd" 591
"C:/Users/taylo_000/AppData/Local/UnrealEngine/Common/DerivedDataCache/0/9/7/TEXTURE_75F87CE100B546AAB8A1C4132AF9DB17_AUTODXT_D0F30580481E47051A91059288455__CE7132242670CBD0C754E920C4D28D3B6AE1C4D9.udd" 592
"C:/Users/taylo_000/AppData/Local/UnrealEngine/Common/DerivedDataCache/5/8/4/TEXTURE_75F87CE100B546AAB8A1C4132AF9DB17_DXT1_0A49586044FAE8A63AA4238B0DCEE772__0EA22A26671A8C93180D8ADBC541C8F913763DDE.udd" 593
"C:/Users/taylo_000/AppData/Local/UnrealEngine/Common/DerivedDataCache/5/6/5/TEXTURE_75F87CE100B546AAB8A1C4132AF9DB17_DXT1_0A49586044FAE8A63AA4238B0DCEE772__00721C52682EE5DE11469C71568312138DA83872.udd" 594
"C:/Users/taylo_000/AppData/Local/UnrealEngine/Common/DerivedDataCache/5/2/8/MATSM_E2C1E89EE9AE4F3CA7B8E0F2C49B34EB_PCD3D_SM4_2__BC5N_DEV_SL_NODBUFF021E82A__0EE024F7BA9CA81589EB5763033CD646CD44CDF4.udd" 595
"C:/Users/taylo_000/AppData/Local/UnrealEngine/Common/DerivedDataCache/7/1/3/TEXTURE_75F87CE100B546AAB8A1C4132AF9DB17_DXT1_0A49586044FAE8A63AA4238B0DCEE772__AFDB15F91CCC8BE7BB35C3A9689EDA32121134E1.udd" 596
"C:/Users/taylo_000/AppData/Local/UnrealEngine/Common/DerivedDataCache/5/6/6/TEXTURE_75F87CE100B546AAB8A1C4132AF9DB17_DXT1_0A49586044FAE8A63AA4238B0DCEE772__40BB42BA09DAD61B176FC2143EBB49ED1F2C1655.udd" 597
"C:/Users/taylo_000/AppData/Local/UnrealEngine/Common/DerivedDataCache/2/8/6/TEXTURE_75F87CE100B546AAB8A1C4132AF9DB17_DXT1_0A49586044FAE8A63AA4238B0DCEE772__E5534B623C5F1B62E337F92C347A4D724E63A57F.udd" 598
"C:/Users/taylo_000/AppData/Local/UnrealEngine/Common/DerivedDataCache/0/7/5/TEXTURE_75F87CE100B546AAB8A1C4132AF9DB17_DXT1_3F86BE26476EF2D50C16CB811958B5EA__C12C9DD1DAEED1B4EDCD8322A867677FA1653BBE.udd" 599
"C:/Users/taylo_000/AppData/Local/UnrealEngine/Common/DerivedDataCache/5/7/8/TEXTURE_75F87CE100B546AAB8A1C4132AF9DB17_DXT1_3F86BE26476EF2D50C16CB811958B5EA__8542EFC15269D7E1D6EA95FECB3D414D2F9745B0.udd" 600
"C:/Users/taylo_000/AppData/Local/UnrealEngine/Common/DerivedDataCache/0/1/5/STATICMESH_46A8778361B442A9523C54440EA1E9D_0DB5412B27AB480F844CC7F0BE5ABAFF_C2__69E660238080867398D2E87953EA5BD7488746D3.udd" 601
"C:/Users/taylo_000/AppData/Local/UnrealEngine/Common/DerivedDataCache/7/7/4/TEXTURE_75F87CE100B546AAB8A1C4132AF9DB17_DXT1_3F86BE26476EF2D50C16CB811958B5EA__806A001AA24C35FB448DF8B758E8EEEAFDE4303E.udd" 602
"C:/Users/taylo_000/AppData/Local/UnrealEngine/Common/DerivedDataCache/7/5/6/TEXTURE_75F87CE100B546AAB8A1C4132AF9DB17_DXT1_F72D309A42431A8015376697215CC357__77F6886588DDF93AA49656FFF76B1E55B70F3692.udd" 603
"C:/Users/taylo_000/AppData/Local/UnrealEngine/Common/DerivedDataCache/8/6/9/TEXTURE_75F87CE100B546AAB8A1C4132AF9DB17_DXT1_F72D309A42431A8015376697215CC357__973A43B2947406CE7911C3DD00D1F8BEC8595FC0.udd" 604
"C:/Users/taylo_000/AppData/Local/UnrealEngine/Common/DerivedDataCache/4/6/0/TEXTURE_75F87CE100B546AAB8A1C4132AF9DB17_DXT1_F72D309A42431A8015376697215CC357__9C2E5FF4D0FB8A07241F9EB3CA864DE43716E364.udd" 605
"C:/Users/taylo_000/AppData/Local/UnrealEngine/Common/DerivedDataCache/5/4/8/PHYSX_$7B1F0627AE$2DABEB$2D4206$2D8D78$2DE16BEB5DDC7E$7D_PHYSXPC_264D790A4843D__A7457AB02C1E15A2F1527D4EA910A0160ECEA760.udd" 606
"C:/Users/taylo_000/AppData/Local/UnrealEngine/Common/DerivedDataCache/4/8/7/TEXTURE_75F87CE100B546AAB8A1C4132AF9DB17_DXT1_3C873703428576BD3E67D3B47DE9323B__2D720CD045FDE0794B55FFEEB2704A5172C321A6.udd" 607
"C:/Users/taylo_000/AppData/Local/UnrealEngine/Common/DerivedDataCache/3/6/4/TEXTURE_75F87CE100B546AAB8A1C4132AF9DB17_DXT1_3C873703428576BD3E67D3B47DE9323B__123355825586C156295ED22308F1BDA050719E66.udd" 608
"C:/Users/taylo_000/AppData/Local/UnrealEngine/Common/DerivedDataCache/7/1/5/TEXTURE_75F87CE100B546AAB8A1C4132AF9DB17_DXT1_3C873703428576BD3E67D3B47DE9323B__ABBA627C0C358B4587C0D983E28B149A844CCCDE.udd" 609
"C:/Users/taylo_000/AppData/Local/UnrealEngine/Common/DerivedDataCache/4/7/0/TEXTURE_75F87CE100B546AAB8A1C4132AF9DB17_DXT1_102D8E1949479A5FE7C3FDA1C669F71E__825A28C6EA0185D4A01C9224C3290A8F438D8B92.udd" 610
"C:/Users/taylo_000/AppData/Local/UnrealEngine/Common/DerivedDataCache/6/3/5/TEXTURE_75F87CE100B546AAB8A1C4132AF9DB17_DXT1_D5E2746E4B93BA7300BF03AB83281514__CECFDC79AD15314C40CE78F39CA1E9C40D0E6B29.udd" 611
"C:/Users/taylo_000/AppData/Local/UnrealEngine/Common/DerivedDataCache/3/7/8/TEXTURE_75F87CE100B546AAB8A1C4132AF9DB17_DXT1_102D8E1949479A5FE7C3FDA1C669F71E__62DF960C212C7C4D3842AC515F1E4EE9A3B7B0DD.udd" 612
"C:/Users/taylo_000/AppData/Local/UnrealEngine/Common/DerivedDataCache/3/0/6/TEXTURE_75F87CE100B546AAB8A1C4132AF9DB17_DXT1_D5E2746E4B93BA7300BF03AB83281514__A326DFC449189DD24E4DCCF376AEBAF7EFFB020F.udd" 613
"C:/Users/taylo_000/AppData/Local/UnrealEngine/Common/DerivedDataCache/0/4/5/TEXTURE_75F87CE100B546AAB8A1C4132AF9DB17_DXT1_102D8E1949479A5FE7C3FDA1C669F71E__7BA9A4EDCDC147E4A76389837B0D5CDE326E4C76.udd" 614
"C:/Users/taylo_000/AppData/Local/UnrealEngine/Common/DerivedDataCache/9/5/3/TEXTURE_75F87CE100B546AAB8A1C4132AF9DB17_DXT1_4AC9BB484AE203D5E240C7BE2F09E660__D298A1F5D21CC2903A9AD7E0091831D8254D2EF0.udd" 615
"C:/Users/taylo_000/AppData/Local/UnrealEngine/Common/DerivedDataCache/7/6/6/TEXTURE_75F87CE100B546AAB8A1C4132AF9DB17_DXT1_B28904794357BAF17CC31E8B92D80A0B__70A53E3F376892FB0363C92D907C3F9AADA439CB.udd" 616
"C:/Users/taylo_000/AppData/Local/UnrealEngine/Common/DerivedDataCache/9/6/4/TEXTURE_75F87CE100B546AAB8A1C4132AF9DB17_DXT1_4AC9BB484AE203D5E240C7BE2F09E660__D3B93A7BF0273DD2F1F3E1209F9C17AE10FCDDCA.udd" 617
"C:/Users/taylo_000/AppData/Local/UnrealEngine/Common/DerivedDataCache/7/8/3/TEXTURE_75F87CE100B546AAB8A1C4132AF9DB17_BGRA8_2E729E0047CE764A113B638E1935B33__5B4BB5459DC36CDCCBC36DC7C2E20FEE73AB8EB7.udd" 618
"C:/Users/taylo_000/AppData/Local/UnrealEngine/Common/DerivedDataCache/1/7/8/MATSM_E2C1E89EE9AE4F3CA7B8E0F2C49B34EB_PCD3D_SM5_2__BC5N_DEV_SL_NODBUFC8B1E4B7__39620E0A83A8B6CC1E64AFD892F0B6B3D6E7C084.udd" 619
"C:/Users/taylo_000/AppData/Local/UnrealEngine/Common/DerivedDataCache/5/1/4/TEXTURE_75F87CE100B546AAB8A1C4132AF9DB17_BGRA8_2979A892429B7A5EE93E7DA1E2B44D4__3438C58C3F58D95ECF3DA7713311841F85525AAC.udd" 620
"C:/Users/taylo_000/AppData/Local/UnrealEngine/Common/DerivedDataCache/8/7/1/TEXTURE_75F87CE100B546AAB8A1C4132AF9DB17_BGRA8_2E729E0047CE764A113B638E1935B33__A25E798FF1E4ED0F5FDA7E9BD2220024A1BB838C.udd" 621
"C:/Users/taylo_000/AppData/Local/UnrealEngine/Common/DerivedDataCache/7/6/4/TEXTURE_75F87CE100B546AAB8A1C4132AF9DB17_BGRA8_2979A892429B7A5EE93E7DA1E2B44D4__90390F9803866CE9D32A7A708988781236793194.udd" 622
"C:/Users/taylo_000/AppData/Local/UnrealEngine/Common/DerivedDataCache/1/9/8/TEXTURE_75F87CE100B546AAB8A1C4132AF9DB17_BGRA8_2979A892429B7A5EE93E7DA1E2B44D4__D5DE502DF463795B37A5940FBF18047EFFE30F2E.udd" 623
"C:/Users/taylo_000/AppData/Local/UnrealEngine/Common/DerivedDataCache/4/7/1/TEXTURE_75F87CE100B546AAB8A1C4132AF9DB17_BGRA8_25FC65D54175144246E022AA64673F1__6510FE1B86B4AFCF4588F6857A5E9F8648615662.udd" 624
"C:/Users/taylo_000/AppData/Local/UnrealEngine/Common/DerivedDataCache/3/8/9/TEXTURE_75F87CE100B546AAB8A1C4132AF9DB17_BGRA8_25FC65D54175144246E022AA64673F1__EDBC4B8C0E7B80E4963710118F1BCC1135B9AF82.udd" 625
"C:/Users/taylo_000/AppData/Local/UnrealEngine/Common/DerivedDataCache/3/5/5/TEXTURE_75F87CE100B546AAB8A1C4132AF9DB17_BGRA8_6790C8A145453170BB3C31934BE873E__2341A1D95CDB57E50E7C75812D551522E232F417.udd" 626
"C:/Users/taylo_000/AppData/Local/UnrealEngine/Common/DerivedDataCache/9/7/4/TEXTURE_75F87CE100B546AAB8A1C4132AF9DB17_BGRA8_F5E26FC24A9B49A22A21AE97C3D5C9D__519BA0F2F1F68CD3316B12C3274E8F45165B62D1.udd" 627
"C:/Users/taylo_000/AppData/Local/UnrealEngine/Common/DerivedDataCache/7/3/3/TEXTURE_75F87CE100B546AAB8A1C4132AF9DB17_BGRA8_F5E26FC24A9B49A22A21AE97C3D5C9D__7B19E390D2262EDF3D6D9083607635E99C69962E.udd" 628
"C:/Users/taylo_000/AppData/Local/UnrealEngine/Common/DerivedDataCache/6/9/0/MATSM_E2C1E89EE9AE4F3CA7B8E0F2C49B34EB_PCD3D_SM4_2__BC5N_DEV_SL_NODBUFC8B1E4B7__3A5159D2727B2A30E0A499491ADB612141D9523E.udd" 629
"C:/Users/taylo_000/AppData/Local/UnrealEngine/Common/DerivedDataCache/4/3/6/TEXTURE_75F87CE100B546AAB8A1C4132AF9DB17_BGRA8_F5E26FC24A9B49A22A21AE97C3D5C9D__B6BE37D1E2099C7281A7B8064A820139FB76C5FF.udd" 630
"C:/Users/taylo_000/AppData/Local/UnrealEngine/Common/DerivedDataCache/3/2/8/TEXTURE_75F87CE100B546AAB8A1C4132AF9DB17_BGRA8_5B3BF3AD48322165A5BEEAB456684B2__7F046D353CDC3BC3213538D4AF672FC5DFAEA3C0.udd" 631
"C:/Users/taylo_000/AppData/Local/UnrealEngine/Common/DerivedDataCache/0/4/6/TEXTURE_75F87CE100B546AAB8A1C4132AF9DB17_BGRA8_916266E14AB2B4C45046BBB4CACBA85__0823F107A5A53DFB368764F64AAD2C48BB643271.udd" 632
"C:/Users/taylo_000/AppData/Local/UnrealEngine/Common/DerivedDataCache/2/8/2/TEXTURE_75F87CE100B546AAB8A1C4132AF9DB17_BGRA8_5B3BF3AD48322165A5BEEAB456684B2__C35602DBBBC04899A91966256770FEEEA90350E2.udd" 633
"C:/Users/taylo_000/AppData/Local/UnrealEngine/Common/DerivedDataCache/6/8/1/TEXTURE_75F87CE100B546AAB8A1C4132AF9DB17_BGRA8_916266E14AB2B4C45046BBB4CACBA85__1A01172F60BD098F7BC22CC99938D1CB212B0AB9.udd" 634
"C:/Users/taylo_000/AppData/Local/UnrealEngine/Common/DerivedDataCache/2/8/1/TEXTURE_75F87CE100B546AAB8A1C4132AF9DB17_BGRA8_5B3BF3AD48322165A5BEEAB456684B2__AF12CD43B60C06B2D925B0BACAA32791BEB2905E.udd" 635
"C:/Users/taylo_000/AppData/Local/UnrealEngine/Common/DerivedDataCache/6/2/3/TEXTURE_75F87CE100B546AAB8A1C4132AF9DB17_BGRA8_916266E14AB2B4C45046BBB4CACBA85__9486AF223833F315FA103714C099E994E210D6D7.udd" 636
"C:/Users/taylo_000/AppData/Local/UnrealEngine/Common/DerivedDataCache/8/8/8/TEXTURE_75F87CE100B546AAB8A1C4132AF9DB17_BGRA8_E8D187EC401EC43B2FC3BBAEC83125A__3F71631F1E7CE9858E7375CC7A86C2B904546007.udd" 637
"C:/Users/taylo_000/AppData/Local/UnrealEngine/Common/DerivedDataCache/1/7/7/TEXTURE_75F87CE100B546AAB8A1C4132AF9DB17_BGRA8_2E729E0047CE764A113B638E1935B33__AE23B453984ADD3A121CECAFAD6D073511BF5A76.udd" 638
"C:/Users/taylo_000/AppData/Local/UnrealEngine/Common/DerivedDataCache/0/3/7/TEXTURE_75F87CE100B546AAB8A1C4132AF9DB17_BGRA8_E8D187EC401EC43B2FC3BBAEC83125A__5F33650A5BB50E12891C2494239659E88D920782.udd" 639
"C:/Users/taylo_000/AppData/Local/UnrealEngine/Common/DerivedDataCache/9/3/0/MATSM_E2C1E89EE9AE4F3CA7B8E0F2C49B34EB_PCD3D_SM5_2__BC5N_DEV_SL_NODBUF3818429C__5585DAC67D49420DC162C55B723785C2F87B168F.udd" 640
"C:/Users/taylo_000/AppData/Local/UnrealEngine/Common/DerivedDataCache/3/0/1/TEXTURE_75F87CE100B546AAB8A1C4132AF9DB17_BGRA8_2E729E0047CE764A113B638E1935B33__BC428AFDC07217D611EFE2619FB7AA96EDF7D89C.udd" 641
"C:/Users/taylo_000/AppData/Local/UnrealEngine/Common/DerivedDataCache/7/9/7/TEXTURE_75F87CE100B546AAB8A1C4132AF9DB17_BGRA8_2E729E0047CE764A113B638E1935B33__9EFBB398080AFE33E6E218F0669BD4AD1C639CFF.udd" 642
"C:/Users/taylo_000/AppData/Local/UnrealEngine/Common/DerivedDataCache/9/1/1/MATSM_E2C1E89EE9AE4F3CA7B8E0F2C49B34EB_PCD3D_SM4_2__BC5N_DEV_SL_NODBUF3818429C__A320934D94FE6393AA073F9D775464D93457ACF5.udd" 643
"C:/Users/taylo_000/AppData/Local/UnrealEngine/Common/DerivedDataCache/3/9/2/MATSM_E2C1E89EE9AE4F3CA7B8E0F2C49B34EB_PCD3D_SM5_2__BC5N_DEV_SL_NODBUFD8BF716A__7ED5E1C5A0F0E0D0077903BB77C09CDFEB8A6A32.udd" 644
"C:/Users/taylo_000/AppData/Local/UnrealEngine/Common/DerivedDataCache/3/2/7/MATSM_E2C1E89EE9AE4F3CA7B8E0F2C49B34EB_PCD3D_SM4_2__BC5N_DEV_SL_NODBUFD8BF716A__07F58A96967E8BC8033A68FD51FFBB4A30E0C171.udd" 645
"C:/Users/taylo_000/AppData/Local/UnrealEngine/Common/DerivedDataCache/8/0/9/MATSM_E2C1E89EE9AE4F3CA7B8E0F2C49B34EB_PCD3D_SM5_2__BC5N_DEV_SL_NODBUF67CED9AD__3648AA7B53A6B415BE505159861F15C3C891EF91.udd" 646
"C:/Users/taylo_000/AppData/Local/UnrealEngine/Common/DerivedDataCache/1/5/2/MATSM_E2C1E89EE9AE4F3CA7B8E0F2C49B34EB_PCD3D_SM4_2__BC5N_DEV_SL_NODBUF67CED9AD__6A2677BC71ED539B6633EF86E1C7A6AFC1BAF432.udd" 647
"C:/Users/taylo_000/AppData/Local/UnrealEngine/Common/DerivedDataCache/9/1/2/STATICMESH_46A8778361B442A9523C54440EA1E9D_0DB5412B27AB480F844CC7F0BE5ABAFF_9E__7598C30A8C00CFAFF1AAB0805A22618DF162105D.udd" 648
"C:/Users/taylo_000/AppData/Local/UnrealEngine/Common/DerivedDataCache/1/1/1/PHYSX_$7B1F0627AE$2DABEB$2D4206$2D8D78$2DE16BEB5DDC7E$7D_PHYSXPC_337667D840F00__9D0185DEA29D1B9B50CAF4D4E4FEA635AAFF78D3.udd" 649
"C:/Users/taylo_000/AppData/Local/UnrealEngine/Common/DerivedDataCache/2/7/3/MATSM_E2C1E89EE9AE4F3CA7B8E0F2C49B34EB_PCD3D_SM5_2__BC5N_DEV_SL_NODBUF794D904D__3BC753665065F76FDF32CB6F5E727248634EB147.udd" 650
"C:/Users/taylo_000/AppData/Local/UnrealEngine/Common/DerivedDataCache/9/8/5/MATSM_E2C1E89EE9AE4F3CA7B8E0F2C49B34EB_PCD3D_SM4_2__BC5N_DEV_SL_NODBUF794D904D__56ABB7C3E0A1BD262E0CCB51A53BE381AA7EF39A.udd" 651
"C:/Users/taylo_000/AppData/Local/UnrealEngine/Common/DerivedDataCache/4/1/2/MATSM_E2C1E89EE9AE4F3CA7B8E0F2C49B34EB_PCD3D_SM5_2__BC5N_DEV_SL_NODBUF71F7E4B6__2E63D99F507A67719C1DC546597250BC400CEC42.udd" 652
"C:/Users/taylo_000/AppData/Local/UnrealEngine/Common/DerivedDataCache/5/4/3/MATSM_E2C1E89EE9AE4F3CA7B8E0F2C49B34EB_PCD3D_SM4_2__BC5N_DEV_SL_NODBUF71F7E4B6__85ABD89ED27E254A55F31988BEFA703CC907A974.udd" 653
"C:/Users/taylo_000/AppData/Local/UnrealEngine/Common/DerivedDataCache/9/4/5/MATSM_E2C1E89EE9AE4F3CA7B8E0F2C49B34EB_PCD3D_SM5_2__BC5N_DEV_SL_NODBUF62B51C58__435768C5A3A7EFAED69EBB6813B045E637106783.udd" 654
"C:/Users/taylo_000/AppData/Local/UnrealEngine/Common/DerivedDataCache/0/2/2/MATSM_E2C1E89EE9AE4F3CA7B8E0F2C49B34EB_PCD3D_SM4_2__BC5N_DEV_SL_NODBUF62B51C58__A9688C5D6422799EBCAEEA11558C90E455AF0C0B.udd" 655
"C:/Users/taylo_000/AppData/Local/UnrealEngine/Common/DerivedDataCache/4/1/8/MATSM_E2C1E89EE9AE4F3CA7B8E0F2C49B34EB_PCD3D_SM5_2__BC5N_DEV_SL_NODBUFE051A2A0__BD9B9BDEB5A0610EFA1232130033F9C82FF85FAC.udd" 656
"C:/Users/taylo_000/AppData/Local/UnrealEngine/Common/DerivedDataCache/5/4/7/MATSM_E2C1E89EE9AE4F3CA7B8E0F2C49B34EB_PCD3D_SM4_2__BC5N_DEV_SL_NODBUFE051A2A0__AAEA11E15A846A0FA59E46A66FFF84C5F32F3E7F.udd" 657
"C:/Users/taylo_000/AppData/Local/UnrealEngine/Common/DerivedDataCache/8/4/1/MATSM_E2C1E89EE9AE4F3CA7B8E0F2C49B34EB_PCD3D_SM5_2__BC5N_DEV_SL_NODBUF6E5CB03A__A5A9E682A1C91DE316E79105815D14D8D4FEAF0A.udd" 658
"C:/Users/taylo_000/AppData/Local/UnrealEngine/Common/DerivedDataCache/0/0/8/MATSM_E2C1E89EE9AE4F3CA7B8E0F2C49B34EB_PCD3D_SM4_2__BC5N_DEV_SL_NODBUF6E5CB03A__941F6C8F01F3299FF601FACE5F0AD1AFEE5BDF68.udd" 659
"C:/Users/taylo_000/AppData/Local/UnrealEngine/Common/DerivedDataCache/1/3/0/MATSM_E2C1E89EE9AE4F3CA7B8E0F2C49B34EB_PCD3D_SM5_2__BC5N_DEV_SL_NODBUF135A5CE8__9448FD2F687E9B20BD07D70ECFE8D3BEFF7C8812.udd" 660
"C:/Users/taylo_000/AppData/Local/UnrealEngine/Common/DerivedDataCache/9/1/1/MATSM_E2C1E89EE9AE4F3CA7B8E0F2C49B34EB_PCD3D_SM4_2__BC5N_DEV_SL_NODBUF135A5CE8__219997AC97F83202B7798BCC2DE452EB73016322.udd" 661
"C:/Users/taylo_000/AppData/Local/UnrealEngine/Common/DerivedDataCache/9/5/6/AUDIO_0002_0000_OGG_0001_079FA1AC438A520878346D8D5C42D8F9.udd" 662
"C:/Users/taylo_000/AppData/Local/UnrealEngine/Common/DerivedDataCache/7/5/2/PHYSX_$7B1F0627AE$2DABEB$2D4206$2D8D78$2DE16BEB5DDC7E$7D_PHYSXPC_BEEB2C8043592A987061849E9BB79495__1_0_13073_0.udd" 663
"C:/Users/taylo_000/AppData/Local/UnrealEngine/Common/DerivedDataCache/3/1/3/PHYSX_$7B1F0627AE$2DABEB$2D4206$2D8D78$2DE16BEB5DDC7E$7D_PHYSXPC_822F804D48A523102708739D5DD5A8B6__1_0_13073_0.udd" 664
"C:/Users/taylo_000/AppData/Local/UnrealEngine/Common/DerivedDataCache/5/4/6/PHYSX_$7B1F0627AE$2DABEB$2D4206$2D8D78$2DE16BEB5DDC7E$7D_PHYSXPC_7A286A0945244C5D552E2EAD7D4D6D9F__1_0_13073_0.udd" 665
"C:/Users/taylo_000/AppData/Local/UnrealEngine/Common/DerivedDataCache/7/0/2/PHYSX_$7B1F0627AE$2DABEB$2D4206$2D8D78$2DE16BEB5DDC7E$7D_PHYSXPC_94D12F1B4CF7FB3F22968C87C186C394__1_0_13073_0.udd" 666
"C:/Users/taylo_000/AppData/Local/UnrealEngine/Common/DerivedDataCache/3/7/2/PHYSX_$7B1F0627AE$2DABEB$2D4206$2D8D78$2DE16BEB5DDC7E$7D_PHYSXPC_1B33475A483AD48F555012B23B580865__1_0_13073_0.udd" 667
"C:/Users/taylo_000/AppData/Local/UnrealEngine/Common/DerivedDataCache/7/4/8/PHYSX_$7B1F0627AE$2DABEB$2D4206$2D8D78$2DE16BEB5DDC7E$7D_PHYSXPC_A362B35C4A5DD59BF4D9CAA8E67D9807__1_0_13073_0.udd" 668
"C:/Users/taylo_000/AppData/Local/UnrealEngine/Common/DerivedDataCache/3/0/2/PHYSX_$7B1F0627AE$2DABEB$2D4206$2D8D78$2DE16BEB5DDC7E$7D_PHYSXPC_1E0D89084814B8ADE77A779B73CCA218__1_0_13073_0.udd" 669
"C:/Users/taylo_000/AppData/Local/UnrealEngine/Common/DerivedDataCache/6/2/8/PHYSX_$7B1F0627AE$2DABEB$2D4206$2D8D78$2DE16BEB5DDC7E$7D_PHYSXPC_71149BBE4DE9BA740DC5468692C00063__1_0_13073_0.udd" 670
"C:/Users/taylo_000/AppData/Local/UnrealEngine/Common/DerivedDataCache/8/1/6/PHYSX_$7B1F0627AE$2DABEB$2D4206$2D8D78$2DE16BEB5DDC7E$7D_PHYSXPC_520F731044034E0C9BD9E28C93C9AA48__1_0_13073_0.udd" 671
"C:/Users/taylo_000/AppData/Local/UnrealEngine/Common/DerivedDataCache/5/4/7/PHYSX_$7B1F0627AE$2DABEB$2D4206$2D8D78$2DE16BEB5DDC7E$7D_PHYSXPC_04BDEB4B405C46FBBD278EBA34E7A223__1_0_13073_0.udd" 672
"C:/Users/taylo_000/AppData/Local/UnrealEngine/Common/DerivedDataCache/0/5/9/PHYSX_$7B1F0627AE$2DABEB$2D4206$2D8D78$2DE16BEB5DDC7E$7D_PHYSXPC_CA460E794543D8634F01599270804016__1_0_13073_0.udd" 673
"C:/Users/taylo_000/AppData/Local/UnrealEngine/Common/DerivedDataCache/3/4/1/PHYSX_$7B1F0627AE$2DABEB$2D4206$2D8D78$2DE16BEB5DDC7E$7D_PHYSXPC_5BEA81A1451C2BE7FA8E31BA461B8512__1_0_13073_0.udd" 674
"C:/Users/taylo_000/AppData/Local/UnrealEngine/Common/DerivedDataCache/8/7/1/PHYSX_$7B1F0627AE$2DABEB$2D4206$2D8D78$2DE16BEB5DDC7E$7D_PHYSXPC_DCDFA95A4617F52B3F8D9E99E7934864__1_0_13073_0.udd" 675
"C:/Users/taylo_000/AppData/Local/UnrealEngine/Common/DerivedDataCache/6/9/8/PHYSX_$7B1F0627AE$2DABEB$2D4206$2D8D78$2DE16BEB5DDC7E$7D_PHYSXPC_25ECE01F454A9C22BF598AA02C5361EB__1_0_13073_0.udd" 676
"C:/Users/taylo_000/AppData/Local/UnrealEngine/Common/DerivedDataCache/4/8/6/PHYSX_$7B1F0627AE$2DABEB$2D4206$2D8D78$2DE16BEB5DDC7E$7D_PHYSXPC_5284F4134DA4E6BB1A577B8B36224FD0__1_0_13073_0.udd" 677
"C:/Users/taylo_000/AppData/Local/UnrealEngine/Common/DerivedDataCache/8/9/3/PHYSX_$7B1F0627AE$2DABEB$2D4206$2D8D78$2DE16BEB5DDC7E$7D_PHYSXPC_13F601AB44216E0D27423A8E45BE6FC4__1_0_13073_0.udd" 678
"../../../Engine/Content/EditorResources/AudioIcons/S_AudioComponent.uasset" 679
"../../../../../../Users/taylo_000/Documents/kaleidoscope/Saved/Autosaves/Game/Maps/UEDPCExample_Map.umap" 680
